#
# There is insufficient memory for the Java Runtime Environment to continue.
# Native memory allocation (mmap) failed to map 2097152 bytes for Failed to commit area from 0x00000000aef00000 to 0x00000000af100000 of length 2097152.
# Possible reasons:
#   The system is out of physical RAM or swap space
#   The process is running with CompressedOops enabled, and the Java Heap may be blocking the growth of the native heap
# Possible solutions:
#   Reduce memory load on the system
#   Increase physical memory or swap space
#   Check if swap backing store is full
#   Decrease Java heap size (-Xmx/-Xms)
#   Decrease number of Java threads
#   Decrease Java thread stack sizes (-Xss)
#   Set larger code cache with -XX:ReservedCodeCacheSize=
#   JVM is running with Unscaled Compressed Oops mode in which the Java heap is
#     placed in the first 4GB address space. The Java Heap base address is the
#     maximum limit for the native heap growth. Please use -XX:HeapBaseMinAddress
#     to set the Java Heap base and to place the Java Heap above 4GB virtual address.
# This output file may be truncated or incomplete.
#
#  Out of Memory Error (./src/hotspot/os/windows/os_windows.cpp:3521), pid=13116, tid=15056
#
# JRE version: OpenJDK Runtime Environment (11.0.12+7) (build 11.0.12+7-b1504.28-7817840)
# Java VM: OpenJDK 64-Bit Server VM (11.0.12+7-b1504.28-7817840, mixed mode, tiered, compressed oops, g1 gc, windows-amd64)
# No core dump will be written. Minidumps are not enabled by default on client versions of Windows
#

---------------  S U M M A R Y ------------

Command Line: --add-opens=java.base/java.util=ALL-UNNAMED --add-opens=java.base/java.lang=ALL-UNNAMED --add-opens=java.base/java.lang.invoke=ALL-UNNAMED --add-opens=java.prefs/java.util.prefs=ALL-UNNAMED -Xmx1536M -Dfile.encoding=windows-1252 -Duser.country=US -Duser.language=en -Duser.variant org.gradle.launcher.daemon.bootstrap.GradleDaemon 6.7

Host: Intel(R) Core(TM) i3-2350M CPU @ 2.30GHz, 4 cores, 11G,  Windows 10 , 64 bit Build 19041 (10.0.19041.1889)
Time: Tue Sep  6 23:56:22 2022 Pacific Daylight Time elapsed time: 117.447899 seconds (0d 0h 1m 57s)

---------------  T H R E A D  ---------------

Current thread (0x0000023a2a3ba000):  JavaThread "ForkJoinPool.commonPool-worker-3" daemon [_thread_in_vm, id=15056, stack(0x00000045e2a00000,0x00000045e2b00000)]

Stack: [0x00000045e2a00000,0x00000045e2b00000]
Native frames: (J=compiled Java code, j=interpreted, Vv=VM code, C=native code)
V  [jvm.dll+0x5fbcea]
V  [jvm.dll+0x731905]
V  [jvm.dll+0x732f1d]
V  [jvm.dll+0x7335d3]
V  [jvm.dll+0x247bf8]
V  [jvm.dll+0x5f90b4]
V  [jvm.dll+0x5edc85]
V  [jvm.dll+0x305aeb]
V  [jvm.dll+0x305a5a]
V  [jvm.dll+0x305932]
V  [jvm.dll+0x30a896]
V  [jvm.dll+0x353803]
V  [jvm.dll+0x353f06]
V  [jvm.dll+0x353903]
V  [jvm.dll+0x2e0e55]
V  [jvm.dll+0x2dd252]
V  [jvm.dll+0x5943e2]
V  [jvm.dll+0x593c6c]
V  [jvm.dll+0x1ed8ad]
V  [jvm.dll+0x70eabf]
V  [jvm.dll+0x17ee28]
C  0x0000023a0b672e77

Java frames: (J=compiled Java code, j=interpreted, Vv=VM code)
v  ~RuntimeStub::new_type_array Runtime1 stub
J 4446 c1 java.nio.ByteBuffer.allocate(I)Ljava/nio/ByteBuffer; java.base@11.0.12 (19 bytes) @ 0x0000023a0c426750 [0x0000023a0c4264e0+0x0000000000000270]
j  com.android.apksig.internal.apk.ApkSigningBlockUtils$ChunkSupplier.get()Lcom/android/apksig/internal/apk/ApkSigningBlockUtils$ChunkSupplier$Chunk;+99
j  com.android.apksig.internal.apk.ApkSigningBlockUtils$ChunkDigester.run()V+226
j  java.util.concurrent.ForkJoinTask$AdaptedRunnableAction.exec()Z+4 java.base@11.0.12
j  java.util.concurrent.ForkJoinTask.doExec()I+10 java.base@11.0.12
j  java.util.concurrent.ForkJoinPool$WorkQueue.topLevelExec(Ljava/util/concurrent/ForkJoinTask;Ljava/util/concurrent/ForkJoinPool$WorkQueue;I)V+12 java.base@11.0.12
j  java.util.concurrent.ForkJoinPool.scan(Ljava/util/concurrent/ForkJoinPool$WorkQueue;I)Z+182 java.base@11.0.12
j  java.util.concurrent.ForkJoinPool.runWorker(Ljava/util/concurrent/ForkJoinPool$WorkQueue;)V+25 java.base@11.0.12
j  java.util.concurrent.ForkJoinWorkerThread.run()V+24 java.base@11.0.12
v  ~StubRoutines::call_stub

---------------  P R O C E S S  ---------------

Threads class SMR info:
_java_thread_list=0x0000023a23379790, length=55, elements={
0x0000023a07a6e800, 0x0000023a20bb1800, 0x0000023a20bbf800, 0x0000023a2039d800,
0x0000023a203a0000, 0x0000023a203a1000, 0x0000023a203a4000, 0x0000023a203a7000,
0x0000023a20c0c800, 0x0000023a20d6a000, 0x0000023a2285a000, 0x0000023a20eb2800,
0x0000023a21f06800, 0x0000023a20ea3800, 0x0000023a2230a800, 0x0000023a22c1f000,
0x0000023a22c20000, 0x0000023a22c21000, 0x0000023a22c0e800, 0x0000023a210cb800,
0x0000023a210ce000, 0x0000023a210cd800, 0x0000023a210cc800, 0x0000023a210d2000,
0x0000023a210cf000, 0x0000023a210d0800, 0x0000023a210cf800, 0x0000023a210d1800,
0x0000023a23301000, 0x0000023a23302000, 0x0000023a23306000, 0x0000023a23305000,
0x0000023a23306800, 0x0000023a23308800, 0x0000023a2365a000, 0x0000023a23662000,
0x0000023a2a6fb000, 0x0000023a2a6fb800, 0x0000023a2a6fe000, 0x0000023a2a6fc800,
0x0000023a2a6fd800, 0x0000023a2a6ff000, 0x0000023a2a6fa000, 0x0000023a2a3b6000,
0x0000023a2a3b1000, 0x0000023a2a3b8000, 0x0000023a2a3b2000, 0x0000023a2a3b8800,
0x0000023a2a3b4800, 0x0000023a2a3b3800, 0x0000023a2a3b3000, 0x0000023a2a3ba000,
0x0000023a2a3bb000, 0x0000023a2a3b5800, 0x0000023a2a3bc000
}

Java Threads: ( => current thread )
  0x0000023a07a6e800 JavaThread "main" [_thread_blocked, id=7004, stack(0x00000045df900000,0x00000045dfa00000)]
  0x0000023a20bb1800 JavaThread "Reference Handler" daemon [_thread_blocked, id=12088, stack(0x00000045e0000000,0x00000045e0100000)]
  0x0000023a20bbf800 JavaThread "Finalizer" daemon [_thread_blocked, id=13544, stack(0x00000045e0100000,0x00000045e0200000)]
  0x0000023a2039d800 JavaThread "Signal Dispatcher" daemon [_thread_blocked, id=16244, stack(0x00000045e0200000,0x00000045e0300000)]
  0x0000023a203a0000 JavaThread "Attach Listener" daemon [_thread_blocked, id=14972, stack(0x00000045e0300000,0x00000045e0400000)]
  0x0000023a203a1000 JavaThread "Service Thread" daemon [_thread_blocked, id=3584, stack(0x00000045e0400000,0x00000045e0500000)]
  0x0000023a203a4000 JavaThread "C2 CompilerThread0" daemon [_thread_blocked, id=14632, stack(0x00000045e0500000,0x00000045e0600000)]
  0x0000023a203a7000 JavaThread "C1 CompilerThread0" daemon [_thread_blocked, id=10868, stack(0x00000045e0600000,0x00000045e0700000)]
  0x0000023a20c0c800 JavaThread "Sweeper thread" daemon [_thread_blocked, id=4320, stack(0x00000045e0700000,0x00000045e0800000)]
  0x0000023a20d6a000 JavaThread "Common-Cleaner" daemon [_thread_blocked, id=13480, stack(0x00000045e0800000,0x00000045e0900000)]
  0x0000023a2285a000 JavaThread "Daemon health stats" [_thread_blocked, id=15068, stack(0x00000045e0d00000,0x00000045e0e00000)]
  0x0000023a20eb2800 JavaThread "Incoming local TCP Connector on port 61706" [_thread_in_native, id=12244, stack(0x00000045e1000000,0x00000045e1100000)]
  0x0000023a21f06800 JavaThread "Daemon periodic checks" [_thread_blocked, id=6716, stack(0x00000045e1100000,0x00000045e1200000)]
  0x0000023a20ea3800 JavaThread "Daemon" [_thread_blocked, id=8480, stack(0x00000045e1200000,0x00000045e1300000)]
  0x0000023a2230a800 JavaThread "Handler for socket connection from /127.0.0.1:61706 to /127.0.0.1:61707" [_thread_in_native, id=5124, stack(0x00000045e1300000,0x00000045e1400000)]
  0x0000023a22c1f000 JavaThread "Cancel handler" [_thread_blocked, id=12012, stack(0x00000045e1400000,0x00000045e1500000)]
  0x0000023a22c20000 JavaThread "Daemon worker" [_thread_blocked, id=14580, stack(0x00000045e1500000,0x00000045e1600000)]
  0x0000023a22c21000 JavaThread "Asynchronous log dispatcher for DefaultDaemonConnection: socket connection from /127.0.0.1:61706 to /127.0.0.1:61707" [_thread_blocked, id=12248, stack(0x00000045e1600000,0x00000045e1700000)]
  0x0000023a22c0e800 JavaThread "Stdin handler" [_thread_blocked, id=3068, stack(0x00000045e1700000,0x00000045e1800000)]
  0x0000023a210cb800 JavaThread "Thread-8" [_thread_blocked, id=4944, stack(0x00000045e1800000,0x00000045e1900000)]
  0x0000023a210ce000 JavaThread "Cache worker for file hash cache (C:\Users\ABS\.gradle\caches\6.7\fileHashes)" [_thread_blocked, id=4972, stack(0x00000045e1900000,0x00000045e1a00000)]
  0x0000023a210cd800 JavaThread "File lock request listener" [_thread_in_native, id=5028, stack(0x00000045e1a00000,0x00000045e1b00000)]
  0x0000023a210cc800 JavaThread "Cache worker for journal cache (C:\Users\ABS\.gradle\caches\journal-1)" [_thread_blocked, id=15848, stack(0x00000045e1b00000,0x00000045e1c00000)]
  0x0000023a210d2000 JavaThread "Cache worker for file hash cache (C:\Users\ABS\StudioProjects\Interns.pk\android\.gradle\6.7\fileHashes)" [_thread_blocked, id=5204, stack(0x00000045e1c00000,0x00000045e1d00000)]
  0x0000023a210cf000 JavaThread "Cache worker for checksums cache (C:\Users\ABS\StudioProjects\Interns.pk\android\.gradle\checksums)" [_thread_blocked, id=14912, stack(0x00000045e1d00000,0x00000045e1e00000)]
  0x0000023a210d0800 JavaThread "Cache worker for cache directory md-supplier (C:\Users\ABS\.gradle\caches\6.7\md-supplier)" [_thread_blocked, id=15564, stack(0x00000045e1e00000,0x00000045e1f00000)]
  0x0000023a210cf800 JavaThread "Cache worker for cache directory md-rule (C:\Users\ABS\.gradle\caches\6.7\md-rule)" [_thread_blocked, id=14448, stack(0x00000045e1f00000,0x00000045e2000000)]
  0x0000023a210d1800 JavaThread "Cache worker for execution history cache (C:\Users\ABS\.gradle\caches\6.7\executionHistory)" [_thread_blocked, id=14980, stack(0x00000045e2000000,0x00000045e2100000)]
  0x0000023a23301000 JavaThread "Cache worker for file content cache (C:\Users\ABS\.gradle\caches\6.7\fileContent)" [_thread_blocked, id=14392, stack(0x00000045e2200000,0x00000045e2300000)]
  0x0000023a23302000 JavaThread "Cache worker for Build Output Cleanup Cache (C:\Users\ABS\StudioProjects\Interns.pk\android\.gradle\buildOutputCleanup)" [_thread_blocked, id=68, stack(0x00000045e2400000,0x00000045e2500000)]
  0x0000023a23306000 JavaThread "Build operations" [_thread_blocked, id=9228, stack(0x00000045e2500000,0x00000045e2600000)]
  0x0000023a23305000 JavaThread "Build operations Thread 2" [_thread_blocked, id=13012, stack(0x00000045e2600000,0x00000045e2700000)]
  0x0000023a23306800 JavaThread "Build operations Thread 3" [_thread_blocked, id=13636, stack(0x00000045e2700000,0x00000045e2800000)]
  0x0000023a23308800 JavaThread "Build operations Thread 4" [_thread_blocked, id=14588, stack(0x00000045e2800000,0x00000045e2900000)]
  0x0000023a2365a000 JavaThread "Memory manager" [_thread_blocked, id=12432, stack(0x00000045e2300000,0x00000045e2400000)]
  0x0000023a23662000 JavaThread "build event listener" [_thread_blocked, id=11804, stack(0x00000045e9c00000,0x00000045e9d00000)]
  0x0000023a2a6fb000 JavaThread "Execution worker for ':'" [_thread_blocked, id=13608, stack(0x00000045e9d00000,0x00000045e9e00000)]
  0x0000023a2a6fb800 JavaThread "Execution worker for ':' Thread 2" [_thread_blocked, id=8316, stack(0x00000045eb100000,0x00000045eb200000)]
  0x0000023a2a6fe000 JavaThread "Execution worker for ':' Thread 3" [_thread_blocked, id=5408, stack(0x00000045eb200000,0x00000045eb300000)]
  0x0000023a2a6fc800 JavaThread "Cache worker for execution history cache (C:\Users\ABS\StudioProjects\Interns.pk\android\.gradle\6.7\executionHistory)" [_thread_blocked, id=3484, stack(0x00000045eb300000,0x00000045eb400000)]
  0x0000023a2a6fd800 JavaThread "Exec process" [_thread_blocked, id=9456, stack(0x00000045eb400000,0x00000045eb500000)]
  0x0000023a2a6ff000 JavaThread "Exec process Thread 2" [_thread_blocked, id=8864, stack(0x00000045eb500000,0x00000045eb600000)]
  0x0000023a2a6fa000 JavaThread "Exec process Thread 3" [_thread_blocked, id=8960, stack(0x00000045eb600000,0x00000045eb700000)]
  0x0000023a2a3b6000 JavaThread "RMI Scheduler(0)" daemon [_thread_blocked, id=14884, stack(0x00000045df600000,0x00000045df700000)]
  0x0000023a2a3b1000 JavaThread "RMI GC Daemon" daemon [_thread_blocked, id=6700, stack(0x00000045df800000,0x00000045df900000)]
  0x0000023a2a3b8000 JavaThread "RMI TCP Accept-0" daemon [_thread_in_native, id=3500, stack(0x00000045eb700000,0x00000045eb800000)]
  0x0000023a2a3b2000 JavaThread "RMI Reaper" [_thread_blocked, id=11244, stack(0x00000045eb800000,0x00000045eb900000)]
  0x0000023a2a3b8800 JavaThread "RMI TCP Connection(2)-127.0.0.1" daemon [_thread_in_native, id=11516, stack(0x00000045eb900000,0x00000045eba00000)]
  0x0000023a2a3b4800 JavaThread "WorkerExecutor Queue" [_thread_blocked, id=1616, stack(0x00000045df700000,0x00000045df800000)]
  0x0000023a2a3b3800 JavaThread "WorkerExecutor Queue Thread 2" [_thread_blocked, id=11896, stack(0x00000045e2100000,0x00000045e2200000)]
  0x0000023a2a3b3000 JavaThread "WorkerExecutor Queue Thread 3" [_thread_blocked, id=14140, stack(0x00000045e2900000,0x00000045e2a00000)]
=>0x0000023a2a3ba000 JavaThread "ForkJoinPool.commonPool-worker-3" daemon [_thread_in_vm, id=15056, stack(0x00000045e2a00000,0x00000045e2b00000)]
  0x0000023a2a3bb000 JavaThread "WorkerExecutor Queue Thread 4" [_thread_blocked, id=16320, stack(0x00000045e2c00000,0x00000045e2d00000)]
  0x0000023a2a3b5800 JavaThread "ForkJoinPool.commonPool-worker-5" daemon [_thread_blocked, id=13448, stack(0x00000045e2d00000,0x00000045e2e00000)]
  0x0000023a2a3bc000 JavaThread "ForkJoinPool.commonPool-worker-7" daemon [_thread_blocked, id=14412, stack(0x00000045e2e00000,0x00000045e2f00000)]

Other Threads:
  0x0000023a2036a800 VMThread "VM Thread" [stack: 0x00000045dff00000,0x00000045e0000000] [id=1884]
  0x0000023a20d97800 WatcherThread [stack: 0x00000045e0900000,0x00000045e0a00000] [id=13112]
  0x0000023a07a87800 GCTaskThread "GC Thread#0" [stack: 0x00000045dfa00000,0x00000045dfb00000] [id=13676]
  0x0000023a214db800 GCTaskThread "GC Thread#1" [stack: 0x00000045e0a00000,0x00000045e0b00000] [id=5112]
  0x0000023a214dc000 GCTaskThread "GC Thread#2" [stack: 0x00000045e0b00000,0x00000045e0c00000] [id=5696]
  0x0000023a21705800 GCTaskThread "GC Thread#3" [stack: 0x00000045e0c00000,0x00000045e0d00000] [id=14196]
  0x0000023a07aae000 ConcurrentGCThread "G1 Main Marker" [stack: 0x00000045dfb00000,0x00000045dfc00000] [id=3232]
  0x0000023a07aaf800 ConcurrentGCThread "G1 Conc#0" [stack: 0x00000045dfc00000,0x00000045dfd00000] [id=15344]
  0x0000023a07b4e000 ConcurrentGCThread "G1 Refine#0" [stack: 0x00000045dfd00000,0x00000045dfe00000] [id=10220]
  0x0000023a201d6800 ConcurrentGCThread "G1 Young RemSet Sampling" [stack: 0x00000045dfe00000,0x00000045dff00000] [id=6224]

Threads with active compile tasks:

VM state:not at safepoint (normal execution)

VM Mutex/Monitor currently owned by a thread:  ([mutex/lock_event])
[0x0000023a07a6aea0] Heap_lock - owner thread: 0x0000023a2a3ba000

Heap address: 0x00000000a0000000, size: 1536 MB, Compressed Oops mode: 32-bit
Narrow klass base: 0x0000000000000000, Narrow klass shift: 3
Compressed class space size: 1073741824 Address: 0x0000000100000000

Heap:
 garbage-first heap   total 246784K, used 235336K [0x00000000a0000000, 0x0000000100000000)
  region size 1024K, 2 young (2048K), 1 survivors (1024K)
 Metaspace       used 96979K, capacity 100265K, committed 100344K, reserved 1136640K
  class space    used 12675K, capacity 13869K, committed 13900K, reserved 1048576K
Heap Regions: E=young(eden), S=young(survivor), O=old, HS=humongous(starts), HC=humongous(continues), CS=collection set, F=free, A=archive, TAMS=top-at-mark-start (previous, next)
|   0|0x00000000a0000000, 0x00000000a0100000, 0x00000000a0100000|100%| O|  |TAMS 0x00000000a0100000, 0x00000000a0000000| Untracked 
|   1|0x00000000a0100000, 0x00000000a0200000, 0x00000000a0200000|100%| O|  |TAMS 0x00000000a0200000, 0x00000000a0100000| Untracked 
|   2|0x00000000a0200000, 0x00000000a0300000, 0x00000000a0300000|100%| O|  |TAMS 0x00000000a0300000, 0x00000000a0200000| Untracked 
|   3|0x00000000a0300000, 0x00000000a0400000, 0x00000000a0400000|100%|HS|  |TAMS 0x00000000a0400000, 0x00000000a0300000| Complete 
|   4|0x00000000a0400000, 0x00000000a0500000, 0x00000000a0500000|100%|HC|  |TAMS 0x00000000a0500000, 0x00000000a0400000| Complete 
|   5|0x00000000a0500000, 0x00000000a0600000, 0x00000000a0600000|100%|HC|  |TAMS 0x00000000a0600000, 0x00000000a0500000| Complete 
|   6|0x00000000a0600000, 0x00000000a0700000, 0x00000000a0700000|100%| O|  |TAMS 0x00000000a0700000, 0x00000000a0600000| Untracked 
|   7|0x00000000a0700000, 0x00000000a0800000, 0x00000000a0800000|100%| O|  |TAMS 0x00000000a0800000, 0x00000000a0700000| Untracked 
|   8|0x00000000a0800000, 0x00000000a0900000, 0x00000000a0900000|100%| O|  |TAMS 0x00000000a0900000, 0x00000000a0800000| Untracked 
|   9|0x00000000a0900000, 0x00000000a0a00000, 0x00000000a0a00000|100%| O|  |TAMS 0x00000000a0a00000, 0x00000000a0900000| Untracked 
|  10|0x00000000a0a00000, 0x00000000a0b00000, 0x00000000a0b00000|100%| O|  |TAMS 0x00000000a0b00000, 0x00000000a0a00000| Untracked 
|  11|0x00000000a0b00000, 0x00000000a0c00000, 0x00000000a0c00000|100%| O|  |TAMS 0x00000000a0c00000, 0x00000000a0b00000| Untracked 
|  12|0x00000000a0c00000, 0x00000000a0d00000, 0x00000000a0d00000|100%| O|  |TAMS 0x00000000a0d00000, 0x00000000a0c00000| Untracked 
|  13|0x00000000a0d00000, 0x00000000a0e00000, 0x00000000a0e00000|100%|HS|  |TAMS 0x00000000a0e00000, 0x00000000a0d00000| Complete 
|  14|0x00000000a0e00000, 0x00000000a0f00000, 0x00000000a0f00000|100%|HS|  |TAMS 0x00000000a0f00000, 0x00000000a0e00000| Complete 
|  15|0x00000000a0f00000, 0x00000000a1000000, 0x00000000a1000000|100%| O|  |TAMS 0x00000000a1000000, 0x00000000a0f00000| Untracked 
|  16|0x00000000a1000000, 0x00000000a1100000, 0x00000000a1100000|100%| O|  |TAMS 0x00000000a1100000, 0x00000000a1000000| Untracked 
|  17|0x00000000a1100000, 0x00000000a1200000, 0x00000000a1200000|100%| O|  |TAMS 0x00000000a1200000, 0x00000000a1100000| Untracked 
|  18|0x00000000a1200000, 0x00000000a1300000, 0x00000000a1300000|100%|HS|  |TAMS 0x00000000a1300000, 0x00000000a1200000| Complete 
|  19|0x00000000a1300000, 0x00000000a1400000, 0x00000000a1400000|100%|HC|  |TAMS 0x00000000a1400000, 0x00000000a1300000| Complete 
|  20|0x00000000a1400000, 0x00000000a1500000, 0x00000000a1500000|100%|HC|  |TAMS 0x00000000a1500000, 0x00000000a1400000| Complete 
|  21|0x00000000a1500000, 0x00000000a1600000, 0x00000000a1600000|100%|HS|  |TAMS 0x00000000a1600000, 0x00000000a1500000| Complete 
|  22|0x00000000a1600000, 0x00000000a1700000, 0x00000000a1700000|100%|HC|  |TAMS 0x00000000a1700000, 0x00000000a1600000| Complete 
|  23|0x00000000a1700000, 0x00000000a1800000, 0x00000000a1800000|100%| O|  |TAMS 0x00000000a1800000, 0x00000000a1700000| Untracked 
|  24|0x00000000a1800000, 0x00000000a1900000, 0x00000000a1900000|100%| O|  |TAMS 0x00000000a1900000, 0x00000000a1800000| Untracked 
|  25|0x00000000a1900000, 0x00000000a1a00000, 0x00000000a1a00000|100%| O|  |TAMS 0x00000000a1a00000, 0x00000000a1900000| Untracked 
|  26|0x00000000a1a00000, 0x00000000a1b00000, 0x00000000a1b00000|100%| O|  |TAMS 0x00000000a1b00000, 0x00000000a1a00000| Untracked 
|  27|0x00000000a1b00000, 0x00000000a1c00000, 0x00000000a1c00000|100%| O|  |TAMS 0x00000000a1c00000, 0x00000000a1b00000| Complete 
|  28|0x00000000a1c00000, 0x00000000a1d00000, 0x00000000a1d00000|100%| O|  |TAMS 0x00000000a1d00000, 0x00000000a1c00000| Untracked 
|  29|0x00000000a1d00000, 0x00000000a1e00000, 0x00000000a1e00000|100%| O|  |TAMS 0x00000000a1e00000, 0x00000000a1d00000| Untracked 
|  30|0x00000000a1e00000, 0x00000000a1f00000, 0x00000000a1f00000|100%| O|  |TAMS 0x00000000a1f00000, 0x00000000a1e00000| Untracked 
|  31|0x00000000a1f00000, 0x00000000a2000000, 0x00000000a2000000|100%| O|  |TAMS 0x00000000a2000000, 0x00000000a1f00000| Untracked 
|  32|0x00000000a2000000, 0x00000000a2100000, 0x00000000a2100000|100%| O|  |TAMS 0x00000000a2100000, 0x00000000a2000000| Untracked 
|  33|0x00000000a2100000, 0x00000000a2200000, 0x00000000a2200000|100%| O|  |TAMS 0x00000000a2200000, 0x00000000a2100000| Untracked 
|  34|0x00000000a2200000, 0x00000000a2300000, 0x00000000a2300000|100%| O|  |TAMS 0x00000000a2300000, 0x00000000a2200000| Untracked 
|  35|0x00000000a2300000, 0x00000000a2400000, 0x00000000a2400000|100%| O|  |TAMS 0x00000000a2400000, 0x00000000a2300000| Untracked 
|  36|0x00000000a2400000, 0x00000000a2500000, 0x00000000a2500000|100%| O|  |TAMS 0x00000000a2500000, 0x00000000a2400000| Untracked 
|  37|0x00000000a2500000, 0x00000000a2600000, 0x00000000a2600000|100%| O|  |TAMS 0x00000000a2600000, 0x00000000a2500000| Untracked 
|  38|0x00000000a2600000, 0x00000000a2700000, 0x00000000a2700000|100%| O|  |TAMS 0x00000000a2700000, 0x00000000a2600000| Untracked 
|  39|0x00000000a2700000, 0x00000000a2800000, 0x00000000a2800000|100%| O|  |TAMS 0x00000000a2800000, 0x00000000a2700000| Untracked 
|  40|0x00000000a2800000, 0x00000000a2900000, 0x00000000a2900000|100%| O|  |TAMS 0x00000000a2900000, 0x00000000a2800000| Complete 
|  41|0x00000000a2900000, 0x00000000a2a00000, 0x00000000a2a00000|100%| O|  |TAMS 0x00000000a2a00000, 0x00000000a2900000| Untracked 
|  42|0x00000000a2a00000, 0x00000000a2b00000, 0x00000000a2b00000|100%| O|  |TAMS 0x00000000a2b00000, 0x00000000a2a00000| Complete 
|  43|0x00000000a2b00000, 0x00000000a2c00000, 0x00000000a2c00000|100%| O|  |TAMS 0x00000000a2c00000, 0x00000000a2b00000| Untracked 
|  44|0x00000000a2c00000, 0x00000000a2d00000, 0x00000000a2d00000|100%| O|  |TAMS 0x00000000a2d00000, 0x00000000a2c00000| Untracked 
|  45|0x00000000a2d00000, 0x00000000a2e00000, 0x00000000a2e00000|100%| O|  |TAMS 0x00000000a2e00000, 0x00000000a2d00000| Untracked 
|  46|0x00000000a2e00000, 0x00000000a2f00000, 0x00000000a2f00000|100%| O|  |TAMS 0x00000000a2f00000, 0x00000000a2e00000| Untracked 
|  47|0x00000000a2f00000, 0x00000000a3000000, 0x00000000a3000000|100%| O|  |TAMS 0x00000000a3000000, 0x00000000a2f00000| Untracked 
|  48|0x00000000a3000000, 0x00000000a3100000, 0x00000000a3100000|100%| O|  |TAMS 0x00000000a3100000, 0x00000000a3000000| Untracked 
|  49|0x00000000a3100000, 0x00000000a3200000, 0x00000000a3200000|100%| O|  |TAMS 0x00000000a3200000, 0x00000000a3100000| Untracked 
|  50|0x00000000a3200000, 0x00000000a3300000, 0x00000000a3300000|100%| O|  |TAMS 0x00000000a3300000, 0x00000000a3200000| Untracked 
|  51|0x00000000a3300000, 0x00000000a3400000, 0x00000000a3400000|100%| O|  |TAMS 0x00000000a3400000, 0x00000000a3300000| Untracked 
|  52|0x00000000a3400000, 0x00000000a3500000, 0x00000000a3500000|100%| O|  |TAMS 0x00000000a3500000, 0x00000000a3400000| Untracked 
|  53|0x00000000a3500000, 0x00000000a3600000, 0x00000000a3600000|100%| O|  |TAMS 0x00000000a3600000, 0x00000000a3500000| Untracked 
|  54|0x00000000a3600000, 0x00000000a3700000, 0x00000000a3700000|100%| O|  |TAMS 0x00000000a3700000, 0x00000000a3600000| Untracked 
|  55|0x00000000a3700000, 0x00000000a3800000, 0x00000000a3800000|100%| O|  |TAMS 0x00000000a3800000, 0x00000000a3700000| Untracked 
|  56|0x00000000a3800000, 0x00000000a3900000, 0x00000000a3900000|100%| O|  |TAMS 0x00000000a3900000, 0x00000000a3800000| Untracked 
|  57|0x00000000a3900000, 0x00000000a3a00000, 0x00000000a3a00000|100%| O|  |TAMS 0x00000000a3a00000, 0x00000000a3900000| Untracked 
|  58|0x00000000a3a00000, 0x00000000a3b00000, 0x00000000a3b00000|100%| O|  |TAMS 0x00000000a3b00000, 0x00000000a3a00000| Untracked 
|  59|0x00000000a3b00000, 0x00000000a3c00000, 0x00000000a3c00000|100%| O|  |TAMS 0x00000000a3c00000, 0x00000000a3b00000| Untracked 
|  60|0x00000000a3c00000, 0x00000000a3d00000, 0x00000000a3d00000|100%| O|  |TAMS 0x00000000a3d00000, 0x00000000a3c00000| Untracked 
|  61|0x00000000a3d00000, 0x00000000a3e00000, 0x00000000a3e00000|100%| O|  |TAMS 0x00000000a3e00000, 0x00000000a3d00000| Complete 
|  62|0x00000000a3e00000, 0x00000000a3f00000, 0x00000000a3f00000|100%|HS|  |TAMS 0x00000000a3f00000, 0x00000000a3e00000| Complete 
|  63|0x00000000a3f00000, 0x00000000a4000000, 0x00000000a4000000|100%|HS|  |TAMS 0x00000000a4000000, 0x00000000a3f00000| Complete 
|  64|0x00000000a4000000, 0x00000000a4100000, 0x00000000a4100000|100%|HS|  |TAMS 0x00000000a4100000, 0x00000000a4000000| Complete 
|  65|0x00000000a4100000, 0x00000000a4200000, 0x00000000a4200000|100%|HC|  |TAMS 0x00000000a4200000, 0x00000000a4100000| Complete 
|  66|0x00000000a4200000, 0x00000000a4300000, 0x00000000a4300000|100%| O|  |TAMS 0x00000000a4300000, 0x00000000a4200000| Untracked 
|  67|0x00000000a4300000, 0x00000000a4400000, 0x00000000a4400000|100%| O|  |TAMS 0x00000000a4400000, 0x00000000a4300000| Complete 
|  68|0x00000000a4400000, 0x00000000a4500000, 0x00000000a4500000|100%| O|  |TAMS 0x00000000a4500000, 0x00000000a4400000| Complete 
|  69|0x00000000a4500000, 0x00000000a4600000, 0x00000000a4600000|100%| O|  |TAMS 0x00000000a4600000, 0x00000000a4500000| Complete 
|  70|0x00000000a4600000, 0x00000000a4700000, 0x00000000a4700000|100%| O|  |TAMS 0x00000000a4700000, 0x00000000a4600000| Complete 
|  71|0x00000000a4700000, 0x00000000a4800000, 0x00000000a4800000|100%| O|  |TAMS 0x00000000a4800000, 0x00000000a4700000| Complete 
|  72|0x00000000a4800000, 0x00000000a4900000, 0x00000000a4900000|100%| O|  |TAMS 0x00000000a4900000, 0x00000000a4800000| Untracked 
|  73|0x00000000a4900000, 0x00000000a4a00000, 0x00000000a4a00000|100%| O|  |TAMS 0x00000000a4a00000, 0x00000000a4900000| Untracked 
|  74|0x00000000a4a00000, 0x00000000a4b00000, 0x00000000a4b00000|100%| O|  |TAMS 0x00000000a4b00000, 0x00000000a4a00000| Untracked 
|  75|0x00000000a4b00000, 0x00000000a4c00000, 0x00000000a4c00000|100%| O|  |TAMS 0x00000000a4c00000, 0x00000000a4b00000| Untracked 
|  76|0x00000000a4c00000, 0x00000000a4d00000, 0x00000000a4d00000|100%| O|  |TAMS 0x00000000a4d00000, 0x00000000a4c00000| Untracked 
|  77|0x00000000a4d00000, 0x00000000a4e00000, 0x00000000a4e00000|100%| O|  |TAMS 0x00000000a4e00000, 0x00000000a4d00000| Untracked 
|  78|0x00000000a4e00000, 0x00000000a4f00000, 0x00000000a4f00000|100%| O|  |TAMS 0x00000000a4f00000, 0x00000000a4e00000| Untracked 
|  79|0x00000000a4f00000, 0x00000000a5000000, 0x00000000a5000000|100%| O|  |TAMS 0x00000000a5000000, 0x00000000a4f00000| Untracked 
|  80|0x00000000a5000000, 0x00000000a5000000, 0x00000000a5100000|  0%| F|  |TAMS 0x00000000a5000000, 0x00000000a5000000| Untracked 
|  81|0x00000000a5100000, 0x00000000a5200000, 0x00000000a5200000|100%| O|  |TAMS 0x00000000a5200000, 0x00000000a5100000| Untracked 
|  82|0x00000000a5200000, 0x00000000a5300000, 0x00000000a5300000|100%| O|  |TAMS 0x00000000a5300000, 0x00000000a5200000| Complete 
|  83|0x00000000a5300000, 0x00000000a5400000, 0x00000000a5400000|100%| O|  |TAMS 0x00000000a5400000, 0x00000000a5300000| Complete 
|  84|0x00000000a5400000, 0x00000000a5400000, 0x00000000a5500000|  0%| F|  |TAMS 0x00000000a5400000, 0x00000000a5400000| Untracked 
|  85|0x00000000a5500000, 0x00000000a5600000, 0x00000000a5600000|100%| O|  |TAMS 0x00000000a5600000, 0x00000000a5500000| Complete 
|  86|0x00000000a5600000, 0x00000000a5700000, 0x00000000a5700000|100%| O|  |TAMS 0x00000000a5700000, 0x00000000a5600000| Untracked 
|  87|0x00000000a5700000, 0x00000000a5800000, 0x00000000a5800000|100%| O|  |TAMS 0x00000000a5800000, 0x00000000a5700000| Untracked 
|  88|0x00000000a5800000, 0x00000000a5900000, 0x00000000a5900000|100%| O|  |TAMS 0x00000000a5900000, 0x00000000a5800000| Untracked 
|  89|0x00000000a5900000, 0x00000000a5a00000, 0x00000000a5a00000|100%| O|  |TAMS 0x00000000a5a00000, 0x00000000a5900000| Untracked 
|  90|0x00000000a5a00000, 0x00000000a5b00000, 0x00000000a5b00000|100%| O|  |TAMS 0x00000000a5b00000, 0x00000000a5a00000| Complete 
|  91|0x00000000a5b00000, 0x00000000a5c00000, 0x00000000a5c00000|100%| O|  |TAMS 0x00000000a5c00000, 0x00000000a5b00000| Untracked 
|  92|0x00000000a5c00000, 0x00000000a5d00000, 0x00000000a5d00000|100%| O|  |TAMS 0x00000000a5d00000, 0x00000000a5c00000| Complete 
|  93|0x00000000a5d00000, 0x00000000a5e00000, 0x00000000a5e00000|100%| O|  |TAMS 0x00000000a5e00000, 0x00000000a5d00000| Complete 
|  94|0x00000000a5e00000, 0x00000000a5f00000, 0x00000000a5f00000|100%| O|  |TAMS 0x00000000a5f00000, 0x00000000a5e00000| Untracked 
|  95|0x00000000a5f00000, 0x00000000a6000000, 0x00000000a6000000|100%| O|  |TAMS 0x00000000a6000000, 0x00000000a5f00000| Untracked 
|  96|0x00000000a6000000, 0x00000000a6100000, 0x00000000a6100000|100%| O|  |TAMS 0x00000000a6100000, 0x00000000a6000000| Complete 
|  97|0x00000000a6100000, 0x00000000a6200000, 0x00000000a6200000|100%| O|  |TAMS 0x00000000a6200000, 0x00000000a6100000| Untracked 
|  98|0x00000000a6200000, 0x00000000a6300000, 0x00000000a6300000|100%| O|  |TAMS 0x00000000a6300000, 0x00000000a6200000| Untracked 
|  99|0x00000000a6300000, 0x00000000a6400000, 0x00000000a6400000|100%| O|  |TAMS 0x00000000a6400000, 0x00000000a6300000| Untracked 
| 100|0x00000000a6400000, 0x00000000a6500000, 0x00000000a6500000|100%| O|  |TAMS 0x00000000a6500000, 0x00000000a6400000| Complete 
| 101|0x00000000a6500000, 0x00000000a6600000, 0x00000000a6600000|100%| O|  |TAMS 0x00000000a6600000, 0x00000000a6500000| Untracked 
| 102|0x00000000a6600000, 0x00000000a6700000, 0x00000000a6700000|100%| O|  |TAMS 0x00000000a6700000, 0x00000000a6600000| Untracked 
| 103|0x00000000a6700000, 0x00000000a6800000, 0x00000000a6800000|100%| O|  |TAMS 0x00000000a6800000, 0x00000000a6700000| Untracked 
| 104|0x00000000a6800000, 0x00000000a6900000, 0x00000000a6900000|100%| O|  |TAMS 0x00000000a6900000, 0x00000000a6800000| Untracked 
| 105|0x00000000a6900000, 0x00000000a6a00000, 0x00000000a6a00000|100%| O|  |TAMS 0x00000000a6a00000, 0x00000000a6900000| Untracked 
| 106|0x00000000a6a00000, 0x00000000a6b00000, 0x00000000a6b00000|100%| O|  |TAMS 0x00000000a6b00000, 0x00000000a6a00000| Untracked 
| 107|0x00000000a6b00000, 0x00000000a6b00000, 0x00000000a6c00000|  0%| F|  |TAMS 0x00000000a6b00000, 0x00000000a6b00000| Untracked 
| 108|0x00000000a6c00000, 0x00000000a6d00000, 0x00000000a6d00000|100%| O|  |TAMS 0x00000000a6d00000, 0x00000000a6c00000| Complete 
| 109|0x00000000a6d00000, 0x00000000a6e00000, 0x00000000a6e00000|100%| O|  |TAMS 0x00000000a6e00000, 0x00000000a6d00000| Complete 
| 110|0x00000000a6e00000, 0x00000000a6f00000, 0x00000000a6f00000|100%| O|  |TAMS 0x00000000a6f00000, 0x00000000a6e00000| Complete 
| 111|0x00000000a6f00000, 0x00000000a6f00000, 0x00000000a7000000|  0%| F|  |TAMS 0x00000000a6f00000, 0x00000000a6f00000| Untracked 
| 112|0x00000000a7000000, 0x00000000a7100000, 0x00000000a7100000|100%| O|  |TAMS 0x00000000a7100000, 0x00000000a7000000| Complete 
| 113|0x00000000a7100000, 0x00000000a7200000, 0x00000000a7200000|100%| O|  |TAMS 0x00000000a7200000, 0x00000000a7100000| Untracked 
| 114|0x00000000a7200000, 0x00000000a7300000, 0x00000000a7300000|100%| O|  |TAMS 0x00000000a7300000, 0x00000000a7200000| Complete 
| 115|0x00000000a7300000, 0x00000000a7400000, 0x00000000a7400000|100%| O|  |TAMS 0x00000000a7400000, 0x00000000a7300000| Complete 
| 116|0x00000000a7400000, 0x00000000a7400000, 0x00000000a7500000|  0%| F|  |TAMS 0x00000000a7400000, 0x00000000a7400000| Untracked 
| 117|0x00000000a7500000, 0x00000000a7600000, 0x00000000a7600000|100%| O|  |TAMS 0x00000000a7600000, 0x00000000a7500000| Complete 
| 118|0x00000000a7600000, 0x00000000a7600000, 0x00000000a7700000|  0%| F|  |TAMS 0x00000000a7600000, 0x00000000a7600000| Untracked 
| 119|0x00000000a7700000, 0x00000000a7800000, 0x00000000a7800000|100%| O|  |TAMS 0x00000000a7800000, 0x00000000a7700000| Complete 
| 120|0x00000000a7800000, 0x00000000a7800000, 0x00000000a7900000|  0%| F|  |TAMS 0x00000000a7800000, 0x00000000a7800000| Untracked 
| 121|0x00000000a7900000, 0x00000000a7a00000, 0x00000000a7a00000|100%| O|  |TAMS 0x00000000a7a00000, 0x00000000a7900000| Complete 
| 122|0x00000000a7a00000, 0x00000000a7b00000, 0x00000000a7b00000|100%| O|  |TAMS 0x00000000a7b00000, 0x00000000a7a00000| Complete 
| 123|0x00000000a7b00000, 0x00000000a7c00000, 0x00000000a7c00000|100%| O|  |TAMS 0x00000000a7c00000, 0x00000000a7b00000| Complete 
| 124|0x00000000a7c00000, 0x00000000a7d00000, 0x00000000a7d00000|100%| O|  |TAMS 0x00000000a7d00000, 0x00000000a7c00000| Complete 
| 125|0x00000000a7d00000, 0x00000000a7e00000, 0x00000000a7e00000|100%| O|  |TAMS 0x00000000a7e00000, 0x00000000a7d00000| Untracked 
| 126|0x00000000a7e00000, 0x00000000a7f00000, 0x00000000a7f00000|100%| O|  |TAMS 0x00000000a7f00000, 0x00000000a7e00000| Untracked 
| 127|0x00000000a7f00000, 0x00000000a8000000, 0x00000000a8000000|100%| O|  |TAMS 0x00000000a8000000, 0x00000000a7f00000| Untracked 
| 128|0x00000000a8000000, 0x00000000a8051000, 0x00000000a8100000| 31%| O|  |TAMS 0x00000000a8051000, 0x00000000a8000000| Untracked 
| 129|0x00000000a8100000, 0x00000000a8200000, 0x00000000a8200000|100%|HS|  |TAMS 0x00000000a8100000, 0x00000000a8100000| Complete 
| 130|0x00000000a8200000, 0x00000000a8300000, 0x00000000a8300000|100%|HC|  |TAMS 0x00000000a8200000, 0x00000000a8200000| Complete 
| 131|0x00000000a8300000, 0x00000000a8400000, 0x00000000a8400000|100%|HS|  |TAMS 0x00000000a8300000, 0x00000000a8300000| Complete 
| 132|0x00000000a8400000, 0x00000000a8500000, 0x00000000a8500000|100%|HC|  |TAMS 0x00000000a8400000, 0x00000000a8400000| Complete 
| 133|0x00000000a8500000, 0x00000000a8600000, 0x00000000a8600000|100%|HS|  |TAMS 0x00000000a8500000, 0x00000000a8500000| Complete 
| 134|0x00000000a8600000, 0x00000000a8700000, 0x00000000a8700000|100%|HC|  |TAMS 0x00000000a8600000, 0x00000000a8600000| Complete 
| 135|0x00000000a8700000, 0x00000000a8800000, 0x00000000a8800000|100%|HS|  |TAMS 0x00000000a8700000, 0x00000000a8700000| Complete 
| 136|0x00000000a8800000, 0x00000000a8900000, 0x00000000a8900000|100%|HC|  |TAMS 0x00000000a8800000, 0x00000000a8800000| Complete 
| 137|0x00000000a8900000, 0x00000000a8a00000, 0x00000000a8a00000|100%|HS|  |TAMS 0x00000000a8900000, 0x00000000a8900000| Complete 
| 138|0x00000000a8a00000, 0x00000000a8b00000, 0x00000000a8b00000|100%|HC|  |TAMS 0x00000000a8a00000, 0x00000000a8a00000| Complete 
| 139|0x00000000a8b00000, 0x00000000a8c00000, 0x00000000a8c00000|100%|HS|  |TAMS 0x00000000a8b00000, 0x00000000a8b00000| Complete 
| 140|0x00000000a8c00000, 0x00000000a8d00000, 0x00000000a8d00000|100%|HC|  |TAMS 0x00000000a8c00000, 0x00000000a8c00000| Complete 
| 141|0x00000000a8d00000, 0x00000000a8e00000, 0x00000000a8e00000|100%|HS|  |TAMS 0x00000000a8d00000, 0x00000000a8d00000| Complete 
| 142|0x00000000a8e00000, 0x00000000a8f00000, 0x00000000a8f00000|100%|HC|  |TAMS 0x00000000a8e00000, 0x00000000a8e00000| Complete 
| 143|0x00000000a8f00000, 0x00000000a9000000, 0x00000000a9000000|100%|HS|  |TAMS 0x00000000a8f00000, 0x00000000a8f00000| Complete 
| 144|0x00000000a9000000, 0x00000000a9100000, 0x00000000a9100000|100%|HC|  |TAMS 0x00000000a9000000, 0x00000000a9000000| Complete 
| 145|0x00000000a9100000, 0x00000000a9200000, 0x00000000a9200000|100%|HS|  |TAMS 0x00000000a9100000, 0x00000000a9100000| Complete 
| 146|0x00000000a9200000, 0x00000000a9300000, 0x00000000a9300000|100%|HC|  |TAMS 0x00000000a9200000, 0x00000000a9200000| Complete 
| 147|0x00000000a9300000, 0x00000000a9400000, 0x00000000a9400000|100%|HS|  |TAMS 0x00000000a9300000, 0x00000000a9300000| Complete 
| 148|0x00000000a9400000, 0x00000000a9500000, 0x00000000a9500000|100%|HC|  |TAMS 0x00000000a9400000, 0x00000000a9400000| Complete 
| 149|0x00000000a9500000, 0x00000000a9600000, 0x00000000a9600000|100%|HS|  |TAMS 0x00000000a9500000, 0x00000000a9500000| Complete 
| 150|0x00000000a9600000, 0x00000000a9700000, 0x00000000a9700000|100%|HC|  |TAMS 0x00000000a9600000, 0x00000000a9600000| Complete 
| 151|0x00000000a9700000, 0x00000000a9800000, 0x00000000a9800000|100%|HS|  |TAMS 0x00000000a9700000, 0x00000000a9700000| Complete 
| 152|0x00000000a9800000, 0x00000000a9900000, 0x00000000a9900000|100%|HC|  |TAMS 0x00000000a9800000, 0x00000000a9800000| Complete 
| 153|0x00000000a9900000, 0x00000000a9a00000, 0x00000000a9a00000|100%|HS|  |TAMS 0x00000000a9900000, 0x00000000a9900000| Complete 
| 154|0x00000000a9a00000, 0x00000000a9b00000, 0x00000000a9b00000|100%|HC|  |TAMS 0x00000000a9a00000, 0x00000000a9a00000| Complete 
| 155|0x00000000a9b00000, 0x00000000a9c00000, 0x00000000a9c00000|100%|HS|  |TAMS 0x00000000a9b00000, 0x00000000a9b00000| Complete 
| 156|0x00000000a9c00000, 0x00000000a9d00000, 0x00000000a9d00000|100%|HC|  |TAMS 0x00000000a9c00000, 0x00000000a9c00000| Complete 
| 157|0x00000000a9d00000, 0x00000000a9e00000, 0x00000000a9e00000|100%|HS|  |TAMS 0x00000000a9d00000, 0x00000000a9d00000| Complete 
| 158|0x00000000a9e00000, 0x00000000a9f00000, 0x00000000a9f00000|100%|HC|  |TAMS 0x00000000a9e00000, 0x00000000a9e00000| Complete 
| 159|0x00000000a9f00000, 0x00000000aa000000, 0x00000000aa000000|100%|HS|  |TAMS 0x00000000a9f00000, 0x00000000a9f00000| Complete 
| 160|0x00000000aa000000, 0x00000000aa100000, 0x00000000aa100000|100%|HC|  |TAMS 0x00000000aa000000, 0x00000000aa000000| Complete 
| 161|0x00000000aa100000, 0x00000000aa200000, 0x00000000aa200000|100%|HS|  |TAMS 0x00000000aa100000, 0x00000000aa100000| Complete 
| 162|0x00000000aa200000, 0x00000000aa300000, 0x00000000aa300000|100%|HC|  |TAMS 0x00000000aa200000, 0x00000000aa200000| Complete 
| 163|0x00000000aa300000, 0x00000000aa400000, 0x00000000aa400000|100%|HS|  |TAMS 0x00000000aa300000, 0x00000000aa300000| Complete 
| 164|0x00000000aa400000, 0x00000000aa500000, 0x00000000aa500000|100%|HC|  |TAMS 0x00000000aa400000, 0x00000000aa400000| Complete 
| 165|0x00000000aa500000, 0x00000000aa600000, 0x00000000aa600000|100%|HS|  |TAMS 0x00000000aa500000, 0x00000000aa500000| Complete 
| 166|0x00000000aa600000, 0x00000000aa700000, 0x00000000aa700000|100%|HC|  |TAMS 0x00000000aa600000, 0x00000000aa600000| Complete 
| 167|0x00000000aa700000, 0x00000000aa800000, 0x00000000aa800000|100%|HS|  |TAMS 0x00000000aa700000, 0x00000000aa700000| Complete 
| 168|0x00000000aa800000, 0x00000000aa900000, 0x00000000aa900000|100%|HC|  |TAMS 0x00000000aa800000, 0x00000000aa800000| Complete 
| 169|0x00000000aa900000, 0x00000000aaa00000, 0x00000000aaa00000|100%|HS|  |TAMS 0x00000000aa900000, 0x00000000aa900000| Complete 
| 170|0x00000000aaa00000, 0x00000000aab00000, 0x00000000aab00000|100%|HC|  |TAMS 0x00000000aaa00000, 0x00000000aaa00000| Complete 
| 171|0x00000000aab00000, 0x00000000aac00000, 0x00000000aac00000|100%|HS|  |TAMS 0x00000000aab00000, 0x00000000aab00000| Complete 
| 172|0x00000000aac00000, 0x00000000aad00000, 0x00000000aad00000|100%|HC|  |TAMS 0x00000000aac00000, 0x00000000aac00000| Complete 
| 173|0x00000000aad00000, 0x00000000aae00000, 0x00000000aae00000|100%|HS|  |TAMS 0x00000000aad00000, 0x00000000aad00000| Complete 
| 174|0x00000000aae00000, 0x00000000aaf00000, 0x00000000aaf00000|100%|HC|  |TAMS 0x00000000aae00000, 0x00000000aae00000| Complete 
| 175|0x00000000aaf00000, 0x00000000ab000000, 0x00000000ab000000|100%|HS|  |TAMS 0x00000000aaf00000, 0x00000000aaf00000| Complete 
| 176|0x00000000ab000000, 0x00000000ab100000, 0x00000000ab100000|100%|HC|  |TAMS 0x00000000ab000000, 0x00000000ab000000| Complete 
| 177|0x00000000ab100000, 0x00000000ab200000, 0x00000000ab200000|100%|HS|  |TAMS 0x00000000ab100000, 0x00000000ab100000| Complete 
| 178|0x00000000ab200000, 0x00000000ab300000, 0x00000000ab300000|100%|HC|  |TAMS 0x00000000ab200000, 0x00000000ab200000| Complete 
| 179|0x00000000ab300000, 0x00000000ab400000, 0x00000000ab400000|100%|HS|  |TAMS 0x00000000ab300000, 0x00000000ab300000| Complete 
| 180|0x00000000ab400000, 0x00000000ab500000, 0x00000000ab500000|100%|HC|  |TAMS 0x00000000ab400000, 0x00000000ab400000| Complete 
| 181|0x00000000ab500000, 0x00000000ab5813c8, 0x00000000ab600000| 50%| S|CS|TAMS 0x00000000ab500000, 0x00000000ab500000| Complete 
| 182|0x00000000ab600000, 0x00000000ab700000, 0x00000000ab700000|100%|HS|  |TAMS 0x00000000ab600000, 0x00000000ab600000| Complete 
| 183|0x00000000ab700000, 0x00000000ab800000, 0x00000000ab800000|100%|HC|  |TAMS 0x00000000ab700000, 0x00000000ab700000| Complete 
| 184|0x00000000ab800000, 0x00000000ab900000, 0x00000000ab900000|100%|HS|  |TAMS 0x00000000ab800000, 0x00000000ab800000| Complete 
| 185|0x00000000ab900000, 0x00000000aba00000, 0x00000000aba00000|100%|HC|  |TAMS 0x00000000ab900000, 0x00000000ab900000| Complete 
| 186|0x00000000aba00000, 0x00000000abb00000, 0x00000000abb00000|100%|HS|  |TAMS 0x00000000aba00000, 0x00000000aba00000| Complete 
| 187|0x00000000abb00000, 0x00000000abc00000, 0x00000000abc00000|100%|HC|  |TAMS 0x00000000abb00000, 0x00000000abb00000| Complete 
| 188|0x00000000abc00000, 0x00000000abd00000, 0x00000000abd00000|100%|HS|  |TAMS 0x00000000abc00000, 0x00000000abc00000| Complete 
| 189|0x00000000abd00000, 0x00000000abe00000, 0x00000000abe00000|100%|HC|  |TAMS 0x00000000abd00000, 0x00000000abd00000| Complete 
| 190|0x00000000abe00000, 0x00000000abf00000, 0x00000000abf00000|100%|HS|  |TAMS 0x00000000abe00000, 0x00000000abe00000| Complete 
| 191|0x00000000abf00000, 0x00000000ac000000, 0x00000000ac000000|100%|HC|  |TAMS 0x00000000abf00000, 0x00000000abf00000| Complete 
| 192|0x00000000ac000000, 0x00000000ac04a2b8, 0x00000000ac100000| 28%| E|  |TAMS 0x00000000ac000000, 0x00000000ac000000| Complete 
| 193|0x00000000ac100000, 0x00000000ac200000, 0x00000000ac200000|100%|HS|  |TAMS 0x00000000ac100000, 0x00000000ac100000| Complete 
| 194|0x00000000ac200000, 0x00000000ac300000, 0x00000000ac300000|100%|HC|  |TAMS 0x00000000ac200000, 0x00000000ac200000| Complete 
| 195|0x00000000ac300000, 0x00000000ac400000, 0x00000000ac400000|100%|HS|  |TAMS 0x00000000ac300000, 0x00000000ac300000| Complete 
| 196|0x00000000ac400000, 0x00000000ac500000, 0x00000000ac500000|100%|HC|  |TAMS 0x00000000ac400000, 0x00000000ac400000| Complete 
| 197|0x00000000ac500000, 0x00000000ac600000, 0x00000000ac600000|100%|HS|  |TAMS 0x00000000ac500000, 0x00000000ac500000| Complete 
| 198|0x00000000ac600000, 0x00000000ac700000, 0x00000000ac700000|100%|HC|  |TAMS 0x00000000ac600000, 0x00000000ac600000| Complete 
| 199|0x00000000ac700000, 0x00000000ac800000, 0x00000000ac800000|100%|HS|  |TAMS 0x00000000ac700000, 0x00000000ac700000| Complete 
| 200|0x00000000ac800000, 0x00000000ac900000, 0x00000000ac900000|100%|HC|  |TAMS 0x00000000ac800000, 0x00000000ac800000| Complete 
| 201|0x00000000ac900000, 0x00000000aca00000, 0x00000000aca00000|100%|HS|  |TAMS 0x00000000ac900000, 0x00000000ac900000| Complete 
| 202|0x00000000aca00000, 0x00000000acb00000, 0x00000000acb00000|100%|HC|  |TAMS 0x00000000aca00000, 0x00000000aca00000| Complete 
| 203|0x00000000acb00000, 0x00000000acc00000, 0x00000000acc00000|100%|HS|  |TAMS 0x00000000acb00000, 0x00000000acb00000| Complete 
| 204|0x00000000acc00000, 0x00000000acd00000, 0x00000000acd00000|100%|HC|  |TAMS 0x00000000acc00000, 0x00000000acc00000| Complete 
| 205|0x00000000acd00000, 0x00000000ace00000, 0x00000000ace00000|100%|HS|  |TAMS 0x00000000acd00000, 0x00000000acd00000| Complete 
| 206|0x00000000ace00000, 0x00000000acf00000, 0x00000000acf00000|100%|HC|  |TAMS 0x00000000ace00000, 0x00000000ace00000| Complete 
| 207|0x00000000acf00000, 0x00000000ad000000, 0x00000000ad000000|100%|HS|  |TAMS 0x00000000acf00000, 0x00000000acf00000| Complete 
| 208|0x00000000ad000000, 0x00000000ad100000, 0x00000000ad100000|100%|HC|  |TAMS 0x00000000ad000000, 0x00000000ad000000| Complete 
| 209|0x00000000ad100000, 0x00000000ad200000, 0x00000000ad200000|100%|HS|  |TAMS 0x00000000ad100000, 0x00000000ad100000| Complete 
| 210|0x00000000ad200000, 0x00000000ad300000, 0x00000000ad300000|100%|HC|  |TAMS 0x00000000ad200000, 0x00000000ad200000| Complete 
| 211|0x00000000ad300000, 0x00000000ad400000, 0x00000000ad400000|100%|HS|  |TAMS 0x00000000ad300000, 0x00000000ad300000| Complete 
| 212|0x00000000ad400000, 0x00000000ad500000, 0x00000000ad500000|100%|HC|  |TAMS 0x00000000ad400000, 0x00000000ad400000| Complete 
| 213|0x00000000ad500000, 0x00000000ad600000, 0x00000000ad600000|100%|HS|  |TAMS 0x00000000ad500000, 0x00000000ad500000| Complete 
| 214|0x00000000ad600000, 0x00000000ad700000, 0x00000000ad700000|100%|HC|  |TAMS 0x00000000ad600000, 0x00000000ad600000| Complete 
| 215|0x00000000ad700000, 0x00000000ad800000, 0x00000000ad800000|100%|HS|  |TAMS 0x00000000ad700000, 0x00000000ad700000| Complete 
| 216|0x00000000ad800000, 0x00000000ad900000, 0x00000000ad900000|100%|HC|  |TAMS 0x00000000ad800000, 0x00000000ad800000| Complete 
| 217|0x00000000ad900000, 0x00000000ada00000, 0x00000000ada00000|100%|HS|  |TAMS 0x00000000ad900000, 0x00000000ad900000| Complete 
| 218|0x00000000ada00000, 0x00000000adb00000, 0x00000000adb00000|100%|HC|  |TAMS 0x00000000ada00000, 0x00000000ada00000| Complete 
| 219|0x00000000adb00000, 0x00000000adc00000, 0x00000000adc00000|100%|HS|  |TAMS 0x00000000adb00000, 0x00000000adb00000| Complete 
| 220|0x00000000adc00000, 0x00000000add00000, 0x00000000add00000|100%|HC|  |TAMS 0x00000000adc00000, 0x00000000adc00000| Complete 
| 221|0x00000000add00000, 0x00000000ade00000, 0x00000000ade00000|100%|HS|  |TAMS 0x00000000add00000, 0x00000000add00000| Complete 
| 222|0x00000000ade00000, 0x00000000adf00000, 0x00000000adf00000|100%|HC|  |TAMS 0x00000000ade00000, 0x00000000ade00000| Complete 
| 223|0x00000000adf00000, 0x00000000ae000000, 0x00000000ae000000|100%|HS|  |TAMS 0x00000000adf00000, 0x00000000adf00000| Complete 
| 224|0x00000000ae000000, 0x00000000ae100000, 0x00000000ae100000|100%|HC|  |TAMS 0x00000000ae000000, 0x00000000ae000000| Complete 
| 225|0x00000000ae100000, 0x00000000ae200000, 0x00000000ae200000|100%|HS|  |TAMS 0x00000000ae100000, 0x00000000ae100000| Complete 
| 226|0x00000000ae200000, 0x00000000ae300000, 0x00000000ae300000|100%|HC|  |TAMS 0x00000000ae200000, 0x00000000ae200000| Complete 
| 227|0x00000000ae300000, 0x00000000ae400000, 0x00000000ae400000|100%|HS|  |TAMS 0x00000000ae300000, 0x00000000ae300000| Complete 
| 228|0x00000000ae400000, 0x00000000ae500000, 0x00000000ae500000|100%|HC|  |TAMS 0x00000000ae400000, 0x00000000ae400000| Complete 
| 229|0x00000000ae500000, 0x00000000ae600000, 0x00000000ae600000|100%|HS|  |TAMS 0x00000000ae500000, 0x00000000ae500000| Complete 
| 230|0x00000000ae600000, 0x00000000ae700000, 0x00000000ae700000|100%|HC|  |TAMS 0x00000000ae600000, 0x00000000ae600000| Complete 
| 231|0x00000000ae700000, 0x00000000ae800000, 0x00000000ae800000|100%|HS|  |TAMS 0x00000000ae700000, 0x00000000ae700000| Complete 
| 232|0x00000000ae800000, 0x00000000ae900000, 0x00000000ae900000|100%|HC|  |TAMS 0x00000000ae800000, 0x00000000ae800000| Complete 
| 233|0x00000000ae900000, 0x00000000aea00000, 0x00000000aea00000|100%|HS|  |TAMS 0x00000000ae900000, 0x00000000ae900000| Complete 
| 234|0x00000000aea00000, 0x00000000aeb00000, 0x00000000aeb00000|100%|HC|  |TAMS 0x00000000aea00000, 0x00000000aea00000| Complete 
| 235|0x00000000aeb00000, 0x00000000aec00000, 0x00000000aec00000|100%|HS|  |TAMS 0x00000000aeb00000, 0x00000000aeb00000| Complete 
| 236|0x00000000aec00000, 0x00000000aed00000, 0x00000000aed00000|100%|HC|  |TAMS 0x00000000aec00000, 0x00000000aec00000| Complete 
| 237|0x00000000aed00000, 0x00000000aee00000, 0x00000000aee00000|100%|HS|  |TAMS 0x00000000aed00000, 0x00000000aed00000| Complete 
| 238|0x00000000aee00000, 0x00000000aef00000, 0x00000000aef00000|100%|HC|  |TAMS 0x00000000aee00000, 0x00000000aee00000| Complete 

Card table byte_map: [0x0000023a1a880000,0x0000023a1ab80000] _byte_map_base: 0x0000023a1a380000

Marking Bits (Prev, Next): (CMBitMap*) 0x0000023a07aa7128, (CMBitMap*) 0x0000023a07aa7160
 Prev Bits: [0x0000023a1ae80000, 0x0000023a1c680000)
 Next Bits: [0x0000023a1c680000, 0x0000023a1de80000)

Polling page: 0x0000023a059e0000

Metaspace:

Usage:
  Non-class:     84.37 MB capacity,    82.33 MB ( 98%) used,     1.76 MB (  2%) free+waste,   287.75 KB ( <1%) overhead. 
      Class:     13.54 MB capacity,    12.38 MB ( 91%) used,     1.04 MB (  8%) free+waste,   132.88 KB ( <1%) overhead. 
       Both:     97.92 MB capacity,    94.71 MB ( 97%) used,     2.80 MB (  3%) free+waste,   420.63 KB ( <1%) overhead. 

Virtual space:
  Non-class space:       86.00 MB reserved,      84.42 MB ( 98%) committed 
      Class space:        1.00 GB reserved,      13.57 MB (  1%) committed 
             Both:        1.08 GB reserved,      97.99 MB (  9%) committed 

Chunk freelists:
   Non-Class:  48.00 KB
       Class:  19.00 KB
        Both:  67.00 KB

MaxMetaspaceSize: 17179869184.00 GB
CompressedClassSpaceSize: 1.00 GB
Initial GC threshold: 20.80 MB
Current GC threshold: 163.32 MB
CDS: off

CodeHeap 'non-profiled nmethods': size=120064Kb used=8512Kb max_used=8512Kb free=111551Kb
 bounds [0x0000023a13040000, 0x0000023a138a0000, 0x0000023a1a580000]
CodeHeap 'profiled nmethods': size=120000Kb used=30080Kb max_used=30080Kb free=89919Kb
 bounds [0x0000023a0bb10000, 0x0000023a0d880000, 0x0000023a13040000]
CodeHeap 'non-nmethods': size=5696Kb used=2423Kb max_used=2464Kb free=3272Kb
 bounds [0x0000023a0b580000, 0x0000023a0b800000, 0x0000023a0bb10000]
 total_blobs=15107 nmethods=14160 adapters=858
 compilation: enabled
              stopped_count=0, restarted_count=0
 full_count=0

Compilation events (20 events):
Event: 116.292 Thread 0x0000023a203a4000 14403       4       sun.security.provider.DigestBase::implCompressMultiBlock0 (23 bytes)
Event: 116.295 Thread 0x0000023a203a4000 nmethod 14403 0x0000023a1388e510 code [0x0000023a1388e6c0, 0x0000023a1388e7e8]
Event: 116.305 Thread 0x0000023a203a4000 14404       4       sun.security.provider.SHA2::implCompress (13 bytes)
Event: 116.307 Thread 0x0000023a203a4000 nmethod 14404 0x0000023a1388e910 code [0x0000023a1388eac0, 0x0000023a1388eb98]
Event: 116.307 Thread 0x0000023a203a4000 14405 %     4       sun.security.provider.DigestBase::implCompressMultiBlock0 @ 0 (23 bytes)
Event: 116.311 Thread 0x0000023a203a4000 nmethod 14405% 0x0000023a1388ec90 code [0x0000023a1388ee40, 0x0000023a1388efc8]
Event: 116.354 Thread 0x0000023a203a7000 14406       3       sun.security.provider.DigestBase::implCompressMultiBlock (15 bytes)
Event: 116.355 Thread 0x0000023a203a7000 nmethod 14406 0x0000023a0d86e790 code [0x0000023a0d86e960, 0x0000023a0d86eaf8]
Event: 116.393 Thread 0x0000023a203a4000 14407       4       java.lang.Math::min (12 bytes)
Event: 116.393 Thread 0x0000023a203a4000 nmethod 14407 0x0000023a1388f110 code [0x0000023a1388f2a0, 0x0000023a1388f2f8]
Event: 116.902 Thread 0x0000023a203a4000 14408       4       sun.security.provider.DigestBase::engineUpdate (189 bytes)
Event: 116.925 Thread 0x0000023a203a4000 nmethod 14408 0x0000023a1388f410 code [0x0000023a1388f5c0, 0x0000023a1388fb98]
Event: 117.229 Thread 0x0000023a203a7000 14409       3       java.util.concurrent.LinkedBlockingDeque$AbstractItr::hasNext (13 bytes)
Event: 117.229 Thread 0x0000023a203a7000 nmethod 14409 0x0000023a0d86ec10 code [0x0000023a0d86edc0, 0x0000023a0d86ef18]
Event: 117.239 Thread 0x0000023a203a7000 14410       3       sun.nio.ch.FileKey::hashCode (42 bytes)
Event: 117.239 Thread 0x0000023a203a7000 nmethod 14410 0x0000023a0d86ef90 code [0x0000023a0d86f140, 0x0000023a0d86f278]
Event: 117.240 Thread 0x0000023a203a7000 14411  s    3       java.io.BufferedInputStream::read (113 bytes)
Event: 117.241 Thread 0x0000023a203a7000 nmethod 14411 0x0000023a0d86f310 code [0x0000023a0d86f540, 0x0000023a0d86fe98]
Event: 117.320 Thread 0x0000023a203a4000 14412       4       java.nio.ByteBuffer::hasArray (20 bytes)
Event: 117.321 Thread 0x0000023a203a4000 nmethod 14412 0x0000023a13890010 code [0x0000023a138901a0, 0x0000023a13890238]

GC Heap History (20 events):
Event: 78.901 GC heap before
{Heap before GC invocations=23 (full 0):
 garbage-first heap   total 194560K, used 156378K [0x00000000a0000000, 0x0000000100000000)
  region size 1024K, 60 young (61440K), 7 survivors (7168K)
 Metaspace       used 86975K, capacity 89902K, committed 90232K, reserved 1126400K
  class space    used 11376K, capacity 12389K, committed 12492K, reserved 1048576K
}
Event: 78.929 GC heap after
{Heap after GC invocations=24 (full 0):
 garbage-first heap   total 194560K, used 106085K [0x00000000a0000000, 0x0000000100000000)
  region size 1024K, 7 young (7168K), 7 survivors (7168K)
 Metaspace       used 86975K, capacity 89902K, committed 90232K, reserved 1126400K
  class space    used 11376K, capacity 12389K, committed 12492K, reserved 1048576K
}
Event: 104.602 GC heap before
{Heap before GC invocations=25 (full 0):
 garbage-first heap   total 194560K, used 158309K [0x00000000a0000000, 0x0000000100000000)
  region size 1024K, 59 young (60416K), 7 survivors (7168K)
 Metaspace       used 91655K, capacity 94780K, committed 94968K, reserved 1130496K
  class space    used 11992K, capacity 13101K, committed 13132K, reserved 1048576K
}
Event: 104.630 GC heap after
{Heap after GC invocations=26 (full 0):
 garbage-first heap   total 194560K, used 110252K [0x00000000a0000000, 0x0000000100000000)
  region size 1024K, 7 young (7168K), 7 survivors (7168K)
 Metaspace       used 91655K, capacity 94780K, committed 94968K, reserved 1130496K
  class space    used 11992K, capacity 13101K, committed 13132K, reserved 1048576K
}
Event: 105.288 GC heap before
{Heap before GC invocations=26 (full 0):
 garbage-first heap   total 194560K, used 146092K [0x00000000a0000000, 0x0000000100000000)
  region size 1024K, 44 young (45056K), 7 survivors (7168K)
 Metaspace       used 93247K, capacity 96454K, committed 96504K, reserved 1132544K
  class space    used 12214K, capacity 13362K, committed 13388K, reserved 1048576K
}
Event: 105.312 GC heap after
{Heap after GC invocations=27 (full 0):
 garbage-first heap   total 194560K, used 112440K [0x00000000a0000000, 0x0000000100000000)
  region size 1024K, 3 young (3072K), 3 survivors (3072K)
 Metaspace       used 93247K, capacity 96454K, committed 96504K, reserved 1132544K
  class space    used 12214K, capacity 13362K, committed 13388K, reserved 1048576K
}
Event: 106.514 GC heap before
{Heap before GC invocations=28 (full 0):
 garbage-first heap   total 194560K, used 161592K [0x00000000a0000000, 0x0000000100000000)
  region size 1024K, 50 young (51200K), 3 survivors (3072K)
 Metaspace       used 93963K, capacity 97277K, committed 97400K, reserved 1132544K
  class space    used 12298K, capacity 13442K, committed 13516K, reserved 1048576K
}
Event: 106.533 GC heap after
{Heap after GC invocations=29 (full 0):
 garbage-first heap   total 194560K, used 118039K [0x00000000a0000000, 0x0000000100000000)
  region size 1024K, 7 young (7168K), 7 survivors (7168K)
 Metaspace       used 93963K, capacity 97277K, committed 97400K, reserved 1132544K
  class space    used 12298K, capacity 13442K, committed 13516K, reserved 1048576K
}
Event: 107.948 GC heap before
{Heap before GC invocations=29 (full 0):
 garbage-first heap   total 194560K, used 161047K [0x00000000a0000000, 0x0000000100000000)
  region size 1024K, 50 young (51200K), 7 survivors (7168K)
 Metaspace       used 94084K, capacity 97353K, committed 97656K, reserved 1134592K
  class space    used 12310K, capacity 13464K, committed 13516K, reserved 1048576K
}
Event: 107.995 GC heap after
{Heap after GC invocations=30 (full 0):
 garbage-first heap   total 194560K, used 124426K [0x00000000a0000000, 0x0000000100000000)
  region size 1024K, 7 young (7168K), 7 survivors (7168K)
 Metaspace       used 94084K, capacity 97353K, committed 97656K, reserved 1134592K
  class space    used 12310K, capacity 13464K, committed 13516K, reserved 1048576K
}
Event: 109.144 GC heap before
{Heap before GC invocations=31 (full 0):
 garbage-first heap   total 194560K, used 161290K [0x00000000a0000000, 0x0000000100000000)
  region size 1024K, 44 young (45056K), 7 survivors (7168K)
 Metaspace       used 94304K, capacity 97597K, committed 97656K, reserved 1134592K
  class space    used 12340K, capacity 13482K, committed 13516K, reserved 1048576K
}
Event: 109.166 GC heap after
{Heap after GC invocations=32 (full 0):
 garbage-first heap   total 194560K, used 128819K [0x00000000a0000000, 0x0000000100000000)
  region size 1024K, 5 young (5120K), 5 survivors (5120K)
 Metaspace       used 94304K, capacity 97597K, committed 97656K, reserved 1134592K
  class space    used 12340K, capacity 13482K, committed 13516K, reserved 1048576K
}
Event: 113.259 GC heap before
{Heap before GC invocations=32 (full 0):
 garbage-first heap   total 194560K, used 162611K [0x00000000a0000000, 0x0000000100000000)
  region size 1024K, 39 young (39936K), 5 survivors (5120K)
 Metaspace       used 95966K, capacity 99292K, committed 99448K, reserved 1134592K
  class space    used 12538K, capacity 13715K, committed 13772K, reserved 1048576K
}
Event: 113.279 GC heap after
{Heap after GC invocations=33 (full 0):
 garbage-first heap   total 194560K, used 130778K [0x00000000a0000000, 0x0000000100000000)
  region size 1024K, 3 young (3072K), 3 survivors (3072K)
 Metaspace       used 95966K, capacity 99292K, committed 99448K, reserved 1134592K
  class space    used 12538K, capacity 13715K, committed 13772K, reserved 1048576K
}
Event: 116.064 GC heap before
{Heap before GC invocations=34 (full 0):
 garbage-first heap   total 194560K, used 193242K [0x00000000a0000000, 0x0000000100000000)
  region size 1024K, 13 young (13312K), 3 survivors (3072K)
 Metaspace       used 96895K, capacity 100133K, committed 100344K, reserved 1136640K
  class space    used 12665K, capacity 13804K, committed 13900K, reserved 1048576K
}
Event: 116.073 GC heap after
{Heap after GC invocations=35 (full 0):
 garbage-first heap   total 197632K, used 130943K [0x00000000a0000000, 0x0000000100000000)
  region size 1024K, 3 young (3072K), 3 survivors (3072K)
 Metaspace       used 96895K, capacity 100133K, committed 100344K, reserved 1136640K
  class space    used 12665K, capacity 13804K, committed 13900K, reserved 1048576K
}
Event: 116.127 GC heap before
{Heap before GC invocations=35 (full 0):
 garbage-first heap   total 197632K, used 136063K [0x00000000a0000000, 0x0000000100000000)
  region size 1024K, 9 young (9216K), 3 survivors (3072K)
 Metaspace       used 96895K, capacity 100133K, committed 100344K, reserved 1136640K
  class space    used 12665K, capacity 13804K, committed 13900K, reserved 1048576K
}
Event: 116.137 GC heap after
{Heap after GC invocations=36 (full 0):
 garbage-first heap   total 197632K, used 127982K [0x00000000a0000000, 0x0000000100000000)
  region size 1024K, 1 young (1024K), 1 survivors (1024K)
 Metaspace       used 96895K, capacity 100133K, committed 100344K, reserved 1136640K
  class space    used 12665K, capacity 13804K, committed 13900K, reserved 1048576K
}
Event: 116.252 GC heap before
{Heap before GC invocations=36 (full 0):
 garbage-first heap   total 197632K, used 136174K [0x00000000a0000000, 0x0000000100000000)
  region size 1024K, 11 young (11264K), 1 survivors (1024K)
 Metaspace       used 96976K, capacity 100265K, committed 100344K, reserved 1136640K
  class space    used 12675K, capacity 13869K, committed 13900K, reserved 1048576K
}
Event: 116.256 GC heap after
{Heap after GC invocations=37 (full 0):
 garbage-first heap   total 197632K, used 127816K [0x00000000a0000000, 0x0000000100000000)
  region size 1024K, 1 young (1024K), 1 survivors (1024K)
 Metaspace       used 96976K, capacity 100265K, committed 100344K, reserved 1136640K
  class space    used 12675K, capacity 13869K, committed 13900K, reserved 1048576K
}

Deoptimization events (20 events):
Event: 116.305 Thread 0x0000023a2a3b5800 Uncommon trap: trap_request=0xffffffc6 fr.pc=0x0000023a138696d8 relative=0x0000000000000658
Event: 116.305 Thread 0x0000023a2a3b5800 Uncommon trap: reason=bimorphic_or_optimized_type_check action=maybe_recompile pc=0x0000023a138696d8 method=sun.security.provider.DigestBase.implCompressMultiBlock0([BII)I @ 8 c2
Event: 116.305 Thread 0x0000023a2a3b5800 DEOPT PACKING pc=0x0000023a138696d8 sp=0x00000045e2dff050
Event: 116.305 Thread 0x0000023a2a3b5800 DEOPT UNPACKING pc=0x0000023a0b5ca1af sp=0x00000045e2dfef48 mode 2
Event: 116.307 Thread 0x0000023a2a3bc000 Uncommon trap: trap_request=0xffffffde fr.pc=0x0000023a1330c630 relative=0x0000000000000d10
Event: 116.307 Thread 0x0000023a2a3bc000 Uncommon trap: reason=class_check action=maybe_recompile pc=0x0000023a1330c630 method=java.lang.ThreadLocal.setInitialValue()Ljava/lang/Object; @ 31 c2
Event: 116.307 Thread 0x0000023a2a3bc000 DEOPT PACKING pc=0x0000023a1330c630 sp=0x00000045e2efea90
Event: 116.308 Thread 0x0000023a2a3bc000 DEOPT UNPACKING pc=0x0000023a0b5ca1af sp=0x00000045e2efe9e0 mode 2
Event: 116.316 Thread 0x0000023a2a3bc000 Uncommon trap: trap_request=0xffffffc6 fr.pc=0x0000023a138696d8 relative=0x0000000000000658
Event: 116.316 Thread 0x0000023a2a3bc000 Uncommon trap: reason=bimorphic_or_optimized_type_check action=maybe_recompile pc=0x0000023a138696d8 method=sun.security.provider.DigestBase.implCompressMultiBlock0([BII)I @ 8 c2
Event: 116.316 Thread 0x0000023a2a3bc000 DEOPT PACKING pc=0x0000023a138696d8 sp=0x00000045e2efec10
Event: 116.316 Thread 0x0000023a2a3bc000 DEOPT UNPACKING pc=0x0000023a0b5ca1af sp=0x00000045e2efeb08 mode 2
Event: 116.333 Thread 0x0000023a2a3ba000 Uncommon trap: trap_request=0xffffffc6 fr.pc=0x0000023a138696d8 relative=0x0000000000000658
Event: 116.333 Thread 0x0000023a2a3ba000 Uncommon trap: reason=bimorphic_or_optimized_type_check action=maybe_recompile pc=0x0000023a138696d8 method=sun.security.provider.DigestBase.implCompressMultiBlock0([BII)I @ 8 c2
Event: 116.333 Thread 0x0000023a2a3ba000 DEOPT PACKING pc=0x0000023a138696d8 sp=0x00000045e2afebf0
Event: 116.333 Thread 0x0000023a2a3ba000 DEOPT UNPACKING pc=0x0000023a0b5ca1af sp=0x00000045e2afeae8 mode 2
Event: 116.354 Thread 0x0000023a2a3bc000 DEOPT PACKING pc=0x0000023a0cfc7318 sp=0x00000045e2efeba0
Event: 116.355 Thread 0x0000023a2a3bc000 DEOPT UNPACKING pc=0x0000023a0b5ca95e sp=0x00000045e2efe010 mode 0
Event: 116.386 Thread 0x0000023a2a3b5800 DEOPT PACKING pc=0x0000023a0cfc7318 sp=0x00000045e2dfefe0
Event: 116.386 Thread 0x0000023a2a3b5800 DEOPT UNPACKING pc=0x0000023a0b5ca95e sp=0x00000045e2dfe450 mode 0

Classes redefined (0 events):
No events

Internal exceptions (20 events):
Event: 106.657 Thread 0x0000023a2a6fe000 Exception <a 'sun/nio/fs/WindowsException'{0x00000000ab6d5400}> (0x00000000ab6d5400) thrown at [./src/hotspot/share/prims/jni.cpp, line 615]
Event: 106.657 Thread 0x0000023a2a6fe000 Exception <a 'sun/nio/fs/WindowsException'{0x00000000ab537500}> (0x00000000ab537500) thrown at [./src/hotspot/share/prims/jni.cpp, line 615]
Event: 107.211 Thread 0x0000023a2a6fb000 Exception <a 'sun/nio/fs/WindowsException'{0x00000000aa2c63d8}> (0x00000000aa2c63d8) thrown at [./src/hotspot/share/prims/jni.cpp, line 615]
Event: 107.212 Thread 0x0000023a2a6fb000 Exception <a 'sun/nio/fs/WindowsException'{0x00000000aa2c7068}> (0x00000000aa2c7068) thrown at [./src/hotspot/share/prims/jni.cpp, line 615]
Event: 107.245 Thread 0x0000023a2a6fe000 Exception <a 'sun/nio/fs/WindowsException'{0x00000000aa04e2c8}> (0x00000000aa04e2c8) thrown at [./src/hotspot/share/prims/jni.cpp, line 615]
Event: 107.246 Thread 0x0000023a2a6fe000 Exception <a 'sun/nio/fs/WindowsException'{0x00000000aa04ef50}> (0x00000000aa04ef50) thrown at [./src/hotspot/share/prims/jni.cpp, line 615]
Event: 107.920 Thread 0x0000023a2a6fe000 Exception <a 'sun/nio/fs/WindowsException'{0x00000000a93a2f80}> (0x00000000a93a2f80) thrown at [./src/hotspot/share/prims/jni.cpp, line 615]
Event: 107.920 Thread 0x0000023a2a6fe000 Exception <a 'sun/nio/fs/WindowsException'{0x00000000a93a3c08}> (0x00000000a93a3c08) thrown at [./src/hotspot/share/prims/jni.cpp, line 615]
Event: 108.027 Thread 0x0000023a2a6fe000 Exception <a 'sun/nio/fs/WindowsException'{0x00000000abdf40c8}> (0x00000000abdf40c8) thrown at [./src/hotspot/share/prims/jni.cpp, line 615]
Event: 108.028 Thread 0x0000023a2a6fe000 Exception <a 'sun/nio/fs/WindowsException'{0x00000000abdf4d50}> (0x00000000abdf4d50) thrown at [./src/hotspot/share/prims/jni.cpp, line 615]
Event: 108.894 Thread 0x0000023a2a3b4800 Exception <a 'java/lang/NoSuchMethodError'{0x00000000aa751460}: 'java.lang.Object java.lang.invoke.DirectMethodHandle$Holder.invokeVirtual(java.lang.Object, java.lang.Object, int)'> (0x00000000aa751460) thrown at [./src/hotspot/share/interpreter/linkResolver.cpp, line 773]
Event: 108.901 Thread 0x0000023a2a3b4800 Exception <a 'java/lang/NoSuchMethodError'{0x00000000aa777dc8}: 'void java.lang.invoke.DirectMethodHandle$Holder.invokeStatic(java.lang.Object, java.lang.Object, java.lang.Object, int)'> (0x00000000aa777dc8) thrown at [./src/hotspot/share/interpreter/linkResolver.cpp, line 773]
Event: 111.512 Thread 0x0000023a2a6fb800 Exception <a 'sun/nio/fs/WindowsException'{0x00000000ab2053e8}> (0x00000000ab2053e8) thrown at [./src/hotspot/share/prims/jni.cpp, line 615]
Event: 112.157 Thread 0x0000023a2a6fb800 Exception <a 'java/lang/NoSuchMethodError'{0x00000000aabfc958}: <clinit>> (0x00000000aabfc958) thrown at [./src/hotspot/share/prims/jni.cpp, line 1365]
Event: 112.232 Thread 0x0000023a2a3b3000 Exception <a 'sun/nio/fs/WindowsException'{0x00000000aa986900}> (0x00000000aa986900) thrown at [./src/hotspot/share/prims/jni.cpp, line 615]
Event: 112.592 Thread 0x0000023a2a3b3000 Exception <a 'java/lang/NoSuchMethodError'{0x00000000aa450250}: 'java.lang.Object java.lang.invoke.Invokers$Holder.linkToTargetMethod(java.lang.Object, java.lang.Object, java.lang.Object, java.lang.Object, int, java.lang.Object, java.lang.Object)'> (0x00000000aa450250) thrown at [./src/hotspot/share/interpreter/linkResolver.cpp, line 773]
Event: 112.847 Thread 0x0000023a2a3b3000 Exception <a 'java/lang/NoSuchMethodError'{0x00000000aa0589d0}: 'java.lang.Object java.lang.invoke.DirectMethodHandle$Holder.invokeSpecial(java.lang.Object, java.lang.Object, java.lang.Object, java.lang.Object, java.lang.Object, java.lang.Object, java.lang.Object, int, java.lang.Object)'> (0x00000000aa0589d0) thrown at [./src/hotspot/share/interpreter/linkResolver.cpp, line 773]
Event: 112.849 Thread 0x0000023a2a3b3000 Exception <a 'java/lang/NoSuchMethodError'{0x00000000aa062478}: 'java.lang.Object java.lang.invoke.DirectMethodHandle$Holder.invokeStatic(java.lang.Object, java.lang.Object, java.lang.Object, java.lang.Object, java.lang.Object, java.lang.Object, java.lang.Object, int)'> (0x00000000aa062478) thrown at [./src/hotspot/share/interpreter/linkResolver.cpp, line 773]
Event: 112.849 Thread 0x0000023a2a3b3000 Exception <a 'java/lang/NoSuchMethodError'{0x00000000aa0666f8}: 'java.lang.Object java.lang.invoke.DirectMethodHandle$Holder.invokeSpecial(java.lang.Object, java.lang.Object, java.lang.Object, java.lang.Object, java.lang.Object, java.lang.Object, java.lang.Object, java.lang.Object, int)'> (0x00000000aa0666f8) thrown at [./src/hotspot/share/interpreter/linkResolver.cpp, line 773]
Event: 112.850 Thread 0x0000023a2a3b3000 Exception <a 'java/lang/NoSuchMethodError'{0x00000000aa069fe8}: 'java.lang.Object java.lang.invoke.Invokers$Holder.linkToTargetMethod(java.lang.Object, java.lang.Object, java.lang.Object, java.lang.Object, java.lang.Object, java.lang.Object, int, java.lang.Object)'> (0x00000000aa069fe8) thrown at [./src/hotspot/share/interpreter/linkResolver.cpp, line 773]

Events (20 events):
Event: 116.235 loading class com/android/apksig/internal/apk/ApkSigningBlockUtils$ChunkSupplier
Event: 116.235 loading class com/android/apksig/internal/apk/ApkSigningBlockUtils$ChunkSupplier done
Event: 116.235 loading class com/android/apksig/internal/apk/ApkSigningBlockUtils$ChunkSupplier
Event: 116.235 loading class com/android/apksig/internal/apk/ApkSigningBlockUtils$ChunkSupplier done
Event: 116.236 loading class com/android/apksig/internal/apk/ApkSigningBlockUtils$ChunkDigester
Event: 116.236 loading class com/android/apksig/internal/apk/ApkSigningBlockUtils$ChunkDigester done
Event: 116.238 Thread 0x0000023a2a3b5800 Thread added: 0x0000023a2a3b5800
Event: 116.240 Thread 0x0000023a2a3bc000 Thread added: 0x0000023a2a3bc000
Event: 116.241 Executing VM operation: G1CollectForAllocation
Event: 116.256 Executing VM operation: G1CollectForAllocation done
Event: 116.263 Executing VM operation: RevokeBias
Event: 116.263 Executing VM operation: RevokeBias done
Event: 116.273 Executing VM operation: RevokeBias
Event: 116.273 Executing VM operation: RevokeBias done
Event: 116.290 loading class com/android/apksig/internal/apk/ApkSigningBlockUtils$ChunkSupplier$Chunk
Event: 116.290 loading class com/android/apksig/internal/apk/ApkSigningBlockUtils$ChunkSupplier$Chunk done
Event: 116.809 Executing VM operation: CGC_Operation
Event: 116.828 Executing VM operation: CGC_Operation done
Event: 117.134 Executing VM operation: CGC_Operation
Event: 117.192 Executing VM operation: CGC_Operation done


Dynamic libraries:
0x00007ff7c7f10000 - 0x00007ff7c7f1a000 	C:\Program Files\Android\Android Studio\jre\bin\java.exe
0x00007ffaadb50000 - 0x00007ffaadd48000 	C:\Windows\SYSTEM32\ntdll.dll
0x00007ffaad0f0000 - 0x00007ffaad1ad000 	C:\Windows\System32\KERNEL32.DLL
0x00007ffaab510000 - 0x00007ffaab7de000 	C:\Windows\System32\KERNELBASE.dll
0x00007ffaab320000 - 0x00007ffaab420000 	C:\Windows\System32\ucrtbase.dll
0x00007ffaa6a80000 - 0x00007ffaa6a99000 	C:\Program Files\Android\Android Studio\jre\bin\jli.dll
0x00007ffaa4110000 - 0x00007ffaa4127000 	C:\Program Files\Android\Android Studio\jre\bin\VCRUNTIME140.dll
0x00007ffaad7b0000 - 0x00007ffaad950000 	C:\Windows\System32\USER32.dll
0x00007ffa8e600000 - 0x00007ffa8e89a000 	C:\Windows\WinSxS\amd64_microsoft.windows.common-controls_6595b64144ccf1df_6.0.19041.1110_none_60b5254171f9507e\COMCTL32.dll
0x00007ffaad050000 - 0x00007ffaad0ee000 	C:\Windows\System32\msvcrt.dll
0x00007ffaab420000 - 0x00007ffaab442000 	C:\Windows\System32\win32u.dll
0x00007ffaadae0000 - 0x00007ffaadb0a000 	C:\Windows\System32\GDI32.dll
0x00007ffaab880000 - 0x00007ffaab98b000 	C:\Windows\System32\gdi32full.dll
0x00007ffaab7e0000 - 0x00007ffaab87d000 	C:\Windows\System32\msvcp_win.dll
0x00007ffaad950000 - 0x00007ffaad980000 	C:\Windows\System32\IMM32.DLL
0x00007ffa8a3e0000 - 0x00007ffa8a47d000 	C:\Program Files\Android\Android Studio\jre\bin\msvcp140.dll
0x00007ffa64250000 - 0x00007ffa64d35000 	C:\Program Files\Android\Android Studio\jre\bin\server\jvm.dll
0x00007ffaad980000 - 0x00007ffaada2e000 	C:\Windows\System32\ADVAPI32.dll
0x00007ffaabbb0000 - 0x00007ffaabc4c000 	C:\Windows\System32\sechost.dll
0x00007ffaacc80000 - 0x00007ffaacda5000 	C:\Windows\System32\RPCRT4.dll
0x00007ffaad1b0000 - 0x00007ffaad1b8000 	C:\Windows\System32\PSAPI.DLL
0x00007ffa9ca70000 - 0x00007ffa9ca79000 	C:\Windows\SYSTEM32\WSOCK32.dll
0x00007ffaabea0000 - 0x00007ffaabf0b000 	C:\Windows\System32\WS2_32.dll
0x00007ffa995e0000 - 0x00007ffa99607000 	C:\Windows\SYSTEM32\WINMM.dll
0x00007ffa9e6b0000 - 0x00007ffa9e6ba000 	C:\Windows\SYSTEM32\VERSION.dll
0x00007ffaa9b00000 - 0x00007ffaa9b12000 	C:\Windows\SYSTEM32\kernel.appcore.dll
0x00007ffa69f60000 - 0x00007ffa69f71000 	C:\Program Files\Android\Android Studio\jre\bin\verify.dll
0x00007ffa99370000 - 0x00007ffa99554000 	C:\Windows\SYSTEM32\DBGHELP.DLL
0x00007ffa99340000 - 0x00007ffa9936c000 	C:\Windows\SYSTEM32\dbgcore.DLL
0x00007ffaab990000 - 0x00007ffaaba12000 	C:\Windows\System32\bcryptPrimitives.dll
0x00007ffa64220000 - 0x00007ffa64249000 	C:\Program Files\Android\Android Studio\jre\bin\java.dll
0x00007ffa8cf70000 - 0x00007ffa8cf7b000 	C:\Program Files\Android\Android Studio\jre\bin\jimage.dll
0x00007ffa687e0000 - 0x00007ffa687f8000 	C:\Program Files\Android\Android Studio\jre\bin\zip.dll
0x00007ffaabf10000 - 0x00007ffaac654000 	C:\Windows\System32\SHELL32.dll
0x00007ffaa9140000 - 0x00007ffaa98d4000 	C:\Windows\SYSTEM32\windows.storage.dll
0x00007ffaad350000 - 0x00007ffaad6a4000 	C:\Windows\System32\combase.dll
0x00007ffaaac00000 - 0x00007ffaaac30000 	C:\Windows\SYSTEM32\Wldp.dll
0x00007ffaad2a0000 - 0x00007ffaad34d000 	C:\Windows\System32\SHCORE.dll
0x00007ffaac660000 - 0x00007ffaac6b5000 	C:\Windows\System32\shlwapi.dll
0x00007ffaab1b0000 - 0x00007ffaab1cf000 	C:\Windows\SYSTEM32\profapi.dll
0x00007ffa64200000 - 0x00007ffa6421a000 	C:\Program Files\Android\Android Studio\jre\bin\net.dll
0x00007ffa9d0b0000 - 0x00007ffa9d1ba000 	C:\Windows\SYSTEM32\WINHTTP.dll
0x00007ffaaa960000 - 0x00007ffaaa9ca000 	C:\Windows\system32\mswsock.dll
0x00007ffa641e0000 - 0x00007ffa641f4000 	C:\Program Files\Android\Android Studio\jre\bin\nio.dll
0x00007ffaa4050000 - 0x00007ffaa4076000 	C:\Users\ABS\.gradle\native\fdc75f09e3144964f2cf3f50f0aa648679c211496f362492102eb8c894070792\windows-amd64\native-platform.dll
0x00007ffa8a240000 - 0x00007ffa8a3d1000 	C:\Users\ABS\.gradle\native\12488b8bf47d2d4c9fbf2f6322a914ad602e24e48041cd04a747c6da556b65c4\windows-amd64\native-platform-file-events.dll
0x00007ffaa53f0000 - 0x00007ffaa53fa000 	C:\Program Files\Android\Android Studio\jre\bin\management.dll
0x00007ffaa5350000 - 0x00007ffaa535d000 	C:\Program Files\Android\Android Studio\jre\bin\management_ext.dll
0x00007ffaaab60000 - 0x00007ffaaab78000 	C:\Windows\SYSTEM32\CRYPTSP.dll
0x00007ffaaa2e0000 - 0x00007ffaaa314000 	C:\Windows\system32\rsaenh.dll
0x00007ffaaba20000 - 0x00007ffaaba47000 	C:\Windows\System32\bcrypt.dll
0x00007ffaab130000 - 0x00007ffaab15e000 	C:\Windows\SYSTEM32\USERENV.dll
0x00007ffaaab50000 - 0x00007ffaaab5c000 	C:\Windows\SYSTEM32\CRYPTBASE.dll
0x00007ffaaa650000 - 0x00007ffaaa68b000 	C:\Windows\SYSTEM32\IPHLPAPI.DLL
0x00007ffaad1d0000 - 0x00007ffaad1d8000 	C:\Windows\System32\NSI.dll
0x00007ffaa1620000 - 0x00007ffaa1637000 	C:\Windows\SYSTEM32\dhcpcsvc6.DLL
0x00007ffaa1600000 - 0x00007ffaa161d000 	C:\Windows\SYSTEM32\dhcpcsvc.DLL
0x00007ffaaa690000 - 0x00007ffaaa75a000 	C:\Windows\SYSTEM32\DNSAPI.dll
0x00007ffaa27c0000 - 0x00007ffaa27cb000 	C:\Windows\SYSTEM32\WINNSI.DLL
0x00007ffaa4000000 - 0x00007ffaa401e000 	C:\Users\ABS\AppData\Local\Temp\native-platform15492341864756303578dir\native-platform.dll
0x00007ffaa4100000 - 0x00007ffaa4108000 	C:\Program Files\Android\Android Studio\jre\bin\rmi.dll
0x00007ffaa5330000 - 0x00007ffaa5347000 	C:\Windows\system32\napinsp.dll
0x00007ffaa5310000 - 0x00007ffaa532b000 	C:\Windows\system32\pnrpnsp.dll
0x00007ffa85270000 - 0x00007ffa85285000 	C:\Windows\system32\wshbth.dll
0x00007ffaa6910000 - 0x00007ffaa692d000 	C:\Windows\system32\NLAapi.dll
0x00007ffaa52f0000 - 0x00007ffaa5302000 	C:\Windows\System32\winrnr.dll
0x00007ffa9c9a0000 - 0x00007ffa9c9aa000 	C:\Windows\System32\rasadhlp.dll
0x00007ffa9d330000 - 0x00007ffa9d3b0000 	C:\Windows\System32\fwpuclnt.dll
0x00007ffaa9f70000 - 0x00007ffaa9fa3000 	C:\Windows\SYSTEM32\ntmarta.dll
0x00007ffa8d820000 - 0x00007ffa8d847000 	C:\Program Files\Android\Android Studio\jre\bin\sunec.dll

dbghelp: loaded successfully - version: 4.0.5 - missing functions: none
symbol engine: initialized successfully - sym options: 0x614 - pdb path: .;C:\Program Files\Android\Android Studio\jre\bin;C:\Windows\SYSTEM32;C:\Windows\WinSxS\amd64_microsoft.windows.common-controls_6595b64144ccf1df_6.0.19041.1110_none_60b5254171f9507e;C:\Program Files\Android\Android Studio\jre\bin\server;C:\Users\ABS\.gradle\native\fdc75f09e3144964f2cf3f50f0aa648679c211496f362492102eb8c894070792\windows-amd64;C:\Users\ABS\.gradle\native\12488b8bf47d2d4c9fbf2f6322a914ad602e24e48041cd04a747c6da556b65c4\windows-amd64;C:\Users\ABS\AppData\Local\Temp\native-platform15492341864756303578dir

VM Arguments:
jvm_args: --add-opens=java.base/java.util=ALL-UNNAMED --add-opens=java.base/java.lang=ALL-UNNAMED --add-opens=java.base/java.lang.invoke=ALL-UNNAMED --add-opens=java.prefs/java.util.prefs=ALL-UNNAMED -Xmx1536M -Dfile.encoding=windows-1252 -Duser.country=US -Duser.language=en -Duser.variant 
java_command: org.gradle.launcher.daemon.bootstrap.GradleDaemon 6.7
java_class_path (initial): C:\Users\ABS\.gradle\wrapper\dists\gradle-6.7-all\cuy9mc7upwgwgeb72wkcrupxe\gradle-6.7\lib\gradle-launcher-6.7.jar
Launcher Type: SUN_STANDARD

[Global flags]
     intx CICompilerCount                          = 3                                         {product} {ergonomic}
     uint ConcGCThreads                            = 1                                         {product} {ergonomic}
     uint G1ConcRefinementThreads                  = 4                                         {product} {ergonomic}
   size_t G1HeapRegionSize                         = 1048576                                   {product} {ergonomic}
    uintx GCDrainStackTargetSize                   = 64                                        {product} {ergonomic}
   size_t InitialHeapSize                          = 199229440                                 {product} {ergonomic}
   size_t MarkStackSize                            = 4194304                                   {product} {ergonomic}
   size_t MaxHeapSize                              = 1610612736                                {product} {command line}
   size_t MaxNewSize                               = 965738496                                 {product} {ergonomic}
   size_t MinHeapDeltaBytes                        = 1048576                                   {product} {ergonomic}
    uintx NonNMethodCodeHeapSize                   = 5830732                                {pd product} {ergonomic}
    uintx NonProfiledCodeHeapSize                  = 122913754                              {pd product} {ergonomic}
    uintx ProfiledCodeHeapSize                     = 122913754                              {pd product} {ergonomic}
    uintx ReservedCodeCacheSize                    = 251658240                              {pd product} {ergonomic}
     bool SegmentedCodeCache                       = true                                      {product} {ergonomic}
     bool UseCompressedClassPointers               = true                                 {lp64_product} {ergonomic}
     bool UseCompressedOops                        = true                                 {lp64_product} {ergonomic}
     bool UseG1GC                                  = true                                      {product} {ergonomic}
     bool UseLargePagesIndividualAllocation        = false                                  {pd product} {ergonomic}

Logging:
Log output configuration:
 #0: stdout all=warning uptime,level,tags
 #1: stderr all=off uptime,level,tags

Environment Variables:
JAVA_HOME=C:\Program Files\Android\Android Studio\jre
CLASSPATH=C:\Users\ABS\StudioProjects\Interns.pk\android\\gradle\wrapper\gradle-wrapper.jar
PATH=C:\Program Files\Common Files\Oracle\Java\javapath;C:\Windows\system32;C:\Windows;C:\Windows\System32\Wbem;C:\Windows\System32\WindowsPowerShell\v1.0\;C:\Windows\System32\OpenSSH\;C:\Program Files (x86)\Intel\OpenCL SDK\2.0\bin\x86;C:\Program Files (x86)\Intel\OpenCL SDK\2.0\bin\x64;C:\Program Files\Microsoft SQL Server\Client SDK\ODBC\170\Tools\Binn\;C:\Program Files (x86)\Microsoft SQL Server\150\Tools\Binn\;C:\Program Files\Microsoft SQL Server\150\Tools\Binn\;C:\Program Files\Microsoft SQL Server\150\DTS\Binn\;C:\Program Files (x86)\Microsoft SQL Server\150\DTS\Binn\;C:\Program Files\Azure Data Studio\bin;C:\Program Files\Java\jdk-17.0.2\bin;C:\Program Files\Microsoft SQL Server\110\Tools\Binn\;C:\Program Files\Git\cmd;C:\src\flutter\bin;C:\Program Files\Azure Data Studio\bin;C:\Users\ABS\AppData\Local\Programs\Microsoft VS Code\bin;C:\src\flutter\bin\mingit\cmd
USERNAME=ABS
OS=Windows_NT
PROCESSOR_IDENTIFIER=Intel64 Family 6 Model 42 Stepping 7, GenuineIntel



---------------  S Y S T E M  ---------------

OS: Windows 10 , 64 bit Build 19041 (10.0.19041.1889)
OS uptime: 1 days 1:31 hours

CPU:total 4 (initial active 4) (2 cores per cpu, 2 threads per core) family 6 model 42 stepping 7 microcode 0x2f, cmov, cx8, fxsr, mmx, sse, sse2, sse3, ssse3, sse4.1, sse4.2, popcnt, avx, clmul, ht, tsc, tscinvbit

Memory: 4k page, system-wide physical 12139M (295M free)
TotalPageFile size 27332M (AvailPageFile size 5M)
current process WorkingSet (physical memory assigned to process): 493M, peak: 500M
current process commit charge ("private bytes"): 550M, peak: 552M

vm_info: OpenJDK 64-Bit Server VM (11.0.12+7-b1504.28-7817840) for windows-amd64 JRE (11.0.12+7-b1504.28-7817840), built on Oct 13 2021 22:12:33 by "builder" with MS VC++ 14.0 (VS2015)

END.
