#
# There is insufficient memory for the Java Runtime Environment to continue.
# Native memory allocation (malloc) failed to allocate 82816 bytes for Chunk::new
# Possible reasons:
#   The system is out of physical RAM or swap space
#   The process is running with CompressedOops enabled, and the Java Heap may be blocking the growth of the native heap
# Possible solutions:
#   Reduce memory load on the system
#   Increase physical memory or swap space
#   Check if swap backing store is full
#   Decrease Java heap size (-Xmx/-Xms)
#   Decrease number of Java threads
#   Decrease Java thread stack sizes (-Xss)
#   Set larger code cache with -XX:ReservedCodeCacheSize=
#   JVM is running with Zero Based Compressed Oops mode in which the Java heap is
#     placed in the first 32GB address space. The Java Heap base address is the
#     maximum limit for the native heap growth. Please use -XX:HeapBaseMinAddress
#     to set the Java Heap base and to place the Java Heap above 32GB virtual address.
# This output file may be truncated or incomplete.
#
#  Out of Memory Error (./src/hotspot/share/memory/arena.cpp:197), pid=15644, tid=7544
#
# JRE version: OpenJDK Runtime Environment (11.0.12+7) (build 11.0.12+7-b1504.28-7817840)
# Java VM: OpenJDK 64-Bit Server VM (11.0.12+7-b1504.28-7817840, mixed mode, tiered, compressed oops, g1 gc, windows-amd64)
# No core dump will be written. Minidumps are not enabled by default on client versions of Windows
#

---------------  S U M M A R Y ------------

Command Line: -Dorg.gradle.appname=gradlew org.gradle.wrapper.GradleWrapperMain -q -Ptarget-platform=android-arm -Ptarget=C:\Users\ABS\StudioProjects\Interns.pk\lib\main.dart -Pbase-application-name=android.app.Application -Pdart-defines=Zmx1dHRlci5pbnNwZWN0b3Iuc3RydWN0dXJlZEVycm9ycz10cnVl,RkxVVFRFUl9XRUJfQVVUT19ERVRFQ1Q9dHJ1ZQ== -Pdart-obfuscation=false -Ptrack-widget-creation=true -Ptree-shake-icons=false -Pfilesystem-scheme=org-dartlang-root assembleDebug

Host: Intel(R) Core(TM) i3-2350M CPU @ 2.30GHz, 4 cores, 11G,  Windows 10 , 64 bit Build 19041 (10.0.19041.1889)
Time: Wed Sep  7 00:07:11 2022 Pacific Daylight Time elapsed time: 4.037550 seconds (0d 0h 0m 4s)

---------------  T H R E A D  ---------------

Current thread (0x0000023a65319800):  JavaThread "C2 CompilerThread0" daemon [_thread_in_native, id=7544, stack(0x0000004c64900000,0x0000004c64a00000)]


Current CompileTask:
C2:   4037  603       4       java.util.zip.ZipFile$Source::getEntryPos (206 bytes)

Stack: [0x0000004c64900000,0x0000004c64a00000]
Native frames: (J=compiled Java code, j=interpreted, Vv=VM code, C=native code)
V  [jvm.dll+0x5fbcea]
V  [jvm.dll+0x731905]
V  [jvm.dll+0x732f1d]
V  [jvm.dll+0x7335d3]
V  [jvm.dll+0x247bf8]
V  [jvm.dll+0xc018c]
V  [jvm.dll+0xc06cc]
V  [jvm.dll+0x2bcc04]
V  [jvm.dll+0x5113a8]
V  [jvm.dll+0x2018ec]
V  [jvm.dll+0x1ff71f]
V  [jvm.dll+0x18868c]
V  [jvm.dll+0x20e0d7]
V  [jvm.dll+0x20c901]
V  [jvm.dll+0x6f9b7f]
V  [jvm.dll+0x6f26a5]
V  [jvm.dll+0x5fabf6]
C  [ucrtbase.dll+0x21bb2]
C  [KERNEL32.DLL+0x17034]
C  [ntdll.dll+0x52651]


---------------  P R O C E S S  ---------------

Threads class SMR info:
_java_thread_list=0x0000023a65489ab0, length=10, elements={
0x0000023a489a3000, 0x0000023a64a83000, 0x0000023a64a7c000, 0x0000023a652c4800,
0x0000023a652c8800, 0x0000023a652ca800, 0x0000023a65319800, 0x0000023a64a88800,
0x0000023a64a8e000, 0x0000023a65496800
}

Java Threads: ( => current thread )
  0x0000023a489a3000 JavaThread "main" [_thread_blocked, id=7044, stack(0x0000004c63d00000,0x0000004c63e00000)]
  0x0000023a64a83000 JavaThread "Reference Handler" daemon [_thread_blocked, id=12708, stack(0x0000004c64400000,0x0000004c64500000)]
  0x0000023a64a7c000 JavaThread "Finalizer" daemon [_thread_blocked, id=8344, stack(0x0000004c64500000,0x0000004c64600000)]
  0x0000023a652c4800 JavaThread "Signal Dispatcher" daemon [_thread_blocked, id=4364, stack(0x0000004c64600000,0x0000004c64700000)]
  0x0000023a652c8800 JavaThread "Attach Listener" daemon [_thread_blocked, id=3660, stack(0x0000004c64700000,0x0000004c64800000)]
  0x0000023a652ca800 JavaThread "Service Thread" daemon [_thread_blocked, id=15140, stack(0x0000004c64800000,0x0000004c64900000)]
=>0x0000023a65319800 JavaThread "C2 CompilerThread0" daemon [_thread_in_native, id=7544, stack(0x0000004c64900000,0x0000004c64a00000)]
  0x0000023a64a88800 JavaThread "C1 CompilerThread0" daemon [_thread_blocked, id=5216, stack(0x0000004c64a00000,0x0000004c64b00000)]
  0x0000023a64a8e000 JavaThread "Sweeper thread" daemon [_thread_blocked, id=5760, stack(0x0000004c64b00000,0x0000004c64c00000)]
  0x0000023a65496800 JavaThread "Common-Cleaner" daemon [_thread_blocked, id=6868, stack(0x0000004c64d00000,0x0000004c64e00000)]

Other Threads:
  0x0000023a652b3000 VMThread "VM Thread" [stack: 0x0000004c64300000,0x0000004c64400000] [id=15548]
  0x0000023a6548e000 WatcherThread [stack: 0x0000004c64c00000,0x0000004c64d00000] [id=11964]
  0x0000023a468ec000 GCTaskThread "GC Thread#0" [stack: 0x0000004c63e00000,0x0000004c63f00000] [id=15408]
  0x0000023a489fb800 ConcurrentGCThread "G1 Main Marker" [stack: 0x0000004c63f00000,0x0000004c64000000] [id=11244]
  0x0000023a489fe000 ConcurrentGCThread "G1 Conc#0" [stack: 0x0000004c64000000,0x0000004c64100000] [id=1356]
  0x0000023a48a7e000 ConcurrentGCThread "G1 Refine#0" [stack: 0x0000004c64100000,0x0000004c64200000] [id=8080]
  0x0000023a648e0800 ConcurrentGCThread "G1 Young RemSet Sampling" [stack: 0x0000004c64200000,0x0000004c64300000] [id=16080]

Threads with active compile tasks:
C2 CompilerThread0   4093  603       4       java.util.zip.ZipFile$Source::getEntryPos (206 bytes)

VM state:not at safepoint (normal execution)

VM Mutex/Monitor currently owned by a thread: None

OutOfMemory and StackOverflow Exception counts:
OutOfMemoryError java_heap_errors=5
LinkageErrors=3

Heap address: 0x0000000742400000, size: 3036 MB, Compressed Oops mode: Zero based, Oop shift amount: 3
Narrow klass base: 0x0000000800000000, Narrow klass shift: 0
Compressed class space size: 1073741824 Address: 0x0000000800000000

Heap:
 garbage-first heap   total 194560K, used 14336K [0x0000000742400000, 0x0000000800000000)
  region size 1024K, 13 young (13312K), 0 survivors (0K)
 Metaspace       used 8104K, capacity 8337K, committed 8576K, reserved 1056768K
  class space    used 742K, capacity 818K, committed 896K, reserved 1048576K
Heap Regions: E=young(eden), S=young(survivor), O=old, HS=humongous(starts), HC=humongous(continues), CS=collection set, F=free, A=archive, TAMS=top-at-mark-start (previous, next)
|   0|0x0000000742400000, 0x0000000742500000, 0x0000000742500000|100%|HS|  |TAMS 0x0000000742400000, 0x0000000742400000| Complete 
|   1|0x0000000742500000, 0x0000000742600000, 0x0000000742600000|100%|HC|  |TAMS 0x0000000742500000, 0x0000000742500000| Complete 
|   2|0x0000000742600000, 0x0000000742700000, 0x0000000742700000|100%|HC|  |TAMS 0x0000000742600000, 0x0000000742600000| Complete 
|   3|0x0000000742700000, 0x0000000742700000, 0x0000000742800000|  0%| F|  |TAMS 0x0000000742700000, 0x0000000742700000| Untracked 
|   4|0x0000000742800000, 0x0000000742800000, 0x0000000742900000|  0%| F|  |TAMS 0x0000000742800000, 0x0000000742800000| Untracked 
|   5|0x0000000742900000, 0x0000000742900000, 0x0000000742a00000|  0%| F|  |TAMS 0x0000000742900000, 0x0000000742900000| Untracked 
|   6|0x0000000742a00000, 0x0000000742a00000, 0x0000000742b00000|  0%| F|  |TAMS 0x0000000742a00000, 0x0000000742a00000| Untracked 
|   7|0x0000000742b00000, 0x0000000742b00000, 0x0000000742c00000|  0%| F|  |TAMS 0x0000000742b00000, 0x0000000742b00000| Untracked 
|   8|0x0000000742c00000, 0x0000000742c00000, 0x0000000742d00000|  0%| F|  |TAMS 0x0000000742c00000, 0x0000000742c00000| Untracked 
|   9|0x0000000742d00000, 0x0000000742d00000, 0x0000000742e00000|  0%| F|  |TAMS 0x0000000742d00000, 0x0000000742d00000| Untracked 
|  10|0x0000000742e00000, 0x0000000742e00000, 0x0000000742f00000|  0%| F|  |TAMS 0x0000000742e00000, 0x0000000742e00000| Untracked 
|  11|0x0000000742f00000, 0x0000000742f00000, 0x0000000743000000|  0%| F|  |TAMS 0x0000000742f00000, 0x0000000742f00000| Untracked 
|  12|0x0000000743000000, 0x0000000743000000, 0x0000000743100000|  0%| F|  |TAMS 0x0000000743000000, 0x0000000743000000| Untracked 
|  13|0x0000000743100000, 0x0000000743100000, 0x0000000743200000|  0%| F|  |TAMS 0x0000000743100000, 0x0000000743100000| Untracked 
|  14|0x0000000743200000, 0x0000000743200000, 0x0000000743300000|  0%| F|  |TAMS 0x0000000743200000, 0x0000000743200000| Untracked 
|  15|0x0000000743300000, 0x0000000743300000, 0x0000000743400000|  0%| F|  |TAMS 0x0000000743300000, 0x0000000743300000| Untracked 
|  16|0x0000000743400000, 0x0000000743400000, 0x0000000743500000|  0%| F|  |TAMS 0x0000000743400000, 0x0000000743400000| Untracked 
|  17|0x0000000743500000, 0x0000000743500000, 0x0000000743600000|  0%| F|  |TAMS 0x0000000743500000, 0x0000000743500000| Untracked 
|  18|0x0000000743600000, 0x0000000743600000, 0x0000000743700000|  0%| F|  |TAMS 0x0000000743600000, 0x0000000743600000| Untracked 
|  19|0x0000000743700000, 0x0000000743700000, 0x0000000743800000|  0%| F|  |TAMS 0x0000000743700000, 0x0000000743700000| Untracked 
|  20|0x0000000743800000, 0x0000000743800000, 0x0000000743900000|  0%| F|  |TAMS 0x0000000743800000, 0x0000000743800000| Untracked 
|  21|0x0000000743900000, 0x0000000743900000, 0x0000000743a00000|  0%| F|  |TAMS 0x0000000743900000, 0x0000000743900000| Untracked 
|  22|0x0000000743a00000, 0x0000000743a00000, 0x0000000743b00000|  0%| F|  |TAMS 0x0000000743a00000, 0x0000000743a00000| Untracked 
|  23|0x0000000743b00000, 0x0000000743b00000, 0x0000000743c00000|  0%| F|  |TAMS 0x0000000743b00000, 0x0000000743b00000| Untracked 
|  24|0x0000000743c00000, 0x0000000743c00000, 0x0000000743d00000|  0%| F|  |TAMS 0x0000000743c00000, 0x0000000743c00000| Untracked 
|  25|0x0000000743d00000, 0x0000000743d00000, 0x0000000743e00000|  0%| F|  |TAMS 0x0000000743d00000, 0x0000000743d00000| Untracked 
|  26|0x0000000743e00000, 0x0000000743e00000, 0x0000000743f00000|  0%| F|  |TAMS 0x0000000743e00000, 0x0000000743e00000| Untracked 
|  27|0x0000000743f00000, 0x0000000743f00000, 0x0000000744000000|  0%| F|  |TAMS 0x0000000743f00000, 0x0000000743f00000| Untracked 
|  28|0x0000000744000000, 0x0000000744000000, 0x0000000744100000|  0%| F|  |TAMS 0x0000000744000000, 0x0000000744000000| Untracked 
|  29|0x0000000744100000, 0x0000000744100000, 0x0000000744200000|  0%| F|  |TAMS 0x0000000744100000, 0x0000000744100000| Untracked 
|  30|0x0000000744200000, 0x0000000744200000, 0x0000000744300000|  0%| F|  |TAMS 0x0000000744200000, 0x0000000744200000| Untracked 
|  31|0x0000000744300000, 0x0000000744300000, 0x0000000744400000|  0%| F|  |TAMS 0x0000000744300000, 0x0000000744300000| Untracked 
|  32|0x0000000744400000, 0x0000000744400000, 0x0000000744500000|  0%| F|  |TAMS 0x0000000744400000, 0x0000000744400000| Untracked 
|  33|0x0000000744500000, 0x0000000744500000, 0x0000000744600000|  0%| F|  |TAMS 0x0000000744500000, 0x0000000744500000| Untracked 
|  34|0x0000000744600000, 0x0000000744600000, 0x0000000744700000|  0%| F|  |TAMS 0x0000000744600000, 0x0000000744600000| Untracked 
|  35|0x0000000744700000, 0x0000000744700000, 0x0000000744800000|  0%| F|  |TAMS 0x0000000744700000, 0x0000000744700000| Untracked 
|  36|0x0000000744800000, 0x0000000744800000, 0x0000000744900000|  0%| F|  |TAMS 0x0000000744800000, 0x0000000744800000| Untracked 
|  37|0x0000000744900000, 0x0000000744900000, 0x0000000744a00000|  0%| F|  |TAMS 0x0000000744900000, 0x0000000744900000| Untracked 
|  38|0x0000000744a00000, 0x0000000744a00000, 0x0000000744b00000|  0%| F|  |TAMS 0x0000000744a00000, 0x0000000744a00000| Untracked 
|  39|0x0000000744b00000, 0x0000000744b00000, 0x0000000744c00000|  0%| F|  |TAMS 0x0000000744b00000, 0x0000000744b00000| Untracked 
|  40|0x0000000744c00000, 0x0000000744c00000, 0x0000000744d00000|  0%| F|  |TAMS 0x0000000744c00000, 0x0000000744c00000| Untracked 
|  41|0x0000000744d00000, 0x0000000744d00000, 0x0000000744e00000|  0%| F|  |TAMS 0x0000000744d00000, 0x0000000744d00000| Untracked 
|  42|0x0000000744e00000, 0x0000000744e00000, 0x0000000744f00000|  0%| F|  |TAMS 0x0000000744e00000, 0x0000000744e00000| Untracked 
|  43|0x0000000744f00000, 0x0000000744f00000, 0x0000000745000000|  0%| F|  |TAMS 0x0000000744f00000, 0x0000000744f00000| Untracked 
|  44|0x0000000745000000, 0x0000000745000000, 0x0000000745100000|  0%| F|  |TAMS 0x0000000745000000, 0x0000000745000000| Untracked 
|  45|0x0000000745100000, 0x0000000745100000, 0x0000000745200000|  0%| F|  |TAMS 0x0000000745100000, 0x0000000745100000| Untracked 
|  46|0x0000000745200000, 0x0000000745200000, 0x0000000745300000|  0%| F|  |TAMS 0x0000000745200000, 0x0000000745200000| Untracked 
|  47|0x0000000745300000, 0x0000000745300000, 0x0000000745400000|  0%| F|  |TAMS 0x0000000745300000, 0x0000000745300000| Untracked 
|  48|0x0000000745400000, 0x0000000745400000, 0x0000000745500000|  0%| F|  |TAMS 0x0000000745400000, 0x0000000745400000| Untracked 
|  49|0x0000000745500000, 0x0000000745500000, 0x0000000745600000|  0%| F|  |TAMS 0x0000000745500000, 0x0000000745500000| Untracked 
|  50|0x0000000745600000, 0x0000000745600000, 0x0000000745700000|  0%| F|  |TAMS 0x0000000745600000, 0x0000000745600000| Untracked 
|  51|0x0000000745700000, 0x0000000745700000, 0x0000000745800000|  0%| F|  |TAMS 0x0000000745700000, 0x0000000745700000| Untracked 
|  52|0x0000000745800000, 0x0000000745800000, 0x0000000745900000|  0%| F|  |TAMS 0x0000000745800000, 0x0000000745800000| Untracked 
|  53|0x0000000745900000, 0x0000000745900000, 0x0000000745a00000|  0%| F|  |TAMS 0x0000000745900000, 0x0000000745900000| Untracked 
|  54|0x0000000745a00000, 0x0000000745a00000, 0x0000000745b00000|  0%| F|  |TAMS 0x0000000745a00000, 0x0000000745a00000| Untracked 
|  55|0x0000000745b00000, 0x0000000745b00000, 0x0000000745c00000|  0%| F|  |TAMS 0x0000000745b00000, 0x0000000745b00000| Untracked 
|  56|0x0000000745c00000, 0x0000000745c00000, 0x0000000745d00000|  0%| F|  |TAMS 0x0000000745c00000, 0x0000000745c00000| Untracked 
|  57|0x0000000745d00000, 0x0000000745d00000, 0x0000000745e00000|  0%| F|  |TAMS 0x0000000745d00000, 0x0000000745d00000| Untracked 
|  58|0x0000000745e00000, 0x0000000745e00000, 0x0000000745f00000|  0%| F|  |TAMS 0x0000000745e00000, 0x0000000745e00000| Untracked 
|  59|0x0000000745f00000, 0x0000000745f00000, 0x0000000746000000|  0%| F|  |TAMS 0x0000000745f00000, 0x0000000745f00000| Untracked 
|  60|0x0000000746000000, 0x0000000746000000, 0x0000000746100000|  0%| F|  |TAMS 0x0000000746000000, 0x0000000746000000| Untracked 
|  61|0x0000000746100000, 0x0000000746100000, 0x0000000746200000|  0%| F|  |TAMS 0x0000000746100000, 0x0000000746100000| Untracked 
|  62|0x0000000746200000, 0x0000000746200000, 0x0000000746300000|  0%| F|  |TAMS 0x0000000746200000, 0x0000000746200000| Untracked 
|  63|0x0000000746300000, 0x0000000746300000, 0x0000000746400000|  0%| F|  |TAMS 0x0000000746300000, 0x0000000746300000| Untracked 
|  64|0x0000000746400000, 0x0000000746400000, 0x0000000746500000|  0%| F|  |TAMS 0x0000000746400000, 0x0000000746400000| Untracked 
|  65|0x0000000746500000, 0x0000000746500000, 0x0000000746600000|  0%| F|  |TAMS 0x0000000746500000, 0x0000000746500000| Untracked 
|  66|0x0000000746600000, 0x0000000746600000, 0x0000000746700000|  0%| F|  |TAMS 0x0000000746600000, 0x0000000746600000| Untracked 
|  67|0x0000000746700000, 0x0000000746700000, 0x0000000746800000|  0%| F|  |TAMS 0x0000000746700000, 0x0000000746700000| Untracked 
|  68|0x0000000746800000, 0x0000000746800000, 0x0000000746900000|  0%| F|  |TAMS 0x0000000746800000, 0x0000000746800000| Untracked 
|  69|0x0000000746900000, 0x0000000746900000, 0x0000000746a00000|  0%| F|  |TAMS 0x0000000746900000, 0x0000000746900000| Untracked 
|  70|0x0000000746a00000, 0x0000000746a00000, 0x0000000746b00000|  0%| F|  |TAMS 0x0000000746a00000, 0x0000000746a00000| Untracked 
|  71|0x0000000746b00000, 0x0000000746b00000, 0x0000000746c00000|  0%| F|  |TAMS 0x0000000746b00000, 0x0000000746b00000| Untracked 
|  72|0x0000000746c00000, 0x0000000746c00000, 0x0000000746d00000|  0%| F|  |TAMS 0x0000000746c00000, 0x0000000746c00000| Untracked 
|  73|0x0000000746d00000, 0x0000000746d00000, 0x0000000746e00000|  0%| F|  |TAMS 0x0000000746d00000, 0x0000000746d00000| Untracked 
|  74|0x0000000746e00000, 0x0000000746e00000, 0x0000000746f00000|  0%| F|  |TAMS 0x0000000746e00000, 0x0000000746e00000| Untracked 
|  75|0x0000000746f00000, 0x0000000746f00000, 0x0000000747000000|  0%| F|  |TAMS 0x0000000746f00000, 0x0000000746f00000| Untracked 
|  76|0x0000000747000000, 0x0000000747000000, 0x0000000747100000|  0%| F|  |TAMS 0x0000000747000000, 0x0000000747000000| Untracked 
|  77|0x0000000747100000, 0x0000000747100000, 0x0000000747200000|  0%| F|  |TAMS 0x0000000747100000, 0x0000000747100000| Untracked 
|  78|0x0000000747200000, 0x0000000747200000, 0x0000000747300000|  0%| F|  |TAMS 0x0000000747200000, 0x0000000747200000| Untracked 
|  79|0x0000000747300000, 0x0000000747300000, 0x0000000747400000|  0%| F|  |TAMS 0x0000000747300000, 0x0000000747300000| Untracked 
|  80|0x0000000747400000, 0x0000000747400000, 0x0000000747500000|  0%| F|  |TAMS 0x0000000747400000, 0x0000000747400000| Untracked 
|  81|0x0000000747500000, 0x0000000747500000, 0x0000000747600000|  0%| F|  |TAMS 0x0000000747500000, 0x0000000747500000| Untracked 
|  82|0x0000000747600000, 0x0000000747600000, 0x0000000747700000|  0%| F|  |TAMS 0x0000000747600000, 0x0000000747600000| Untracked 
|  83|0x0000000747700000, 0x0000000747700000, 0x0000000747800000|  0%| F|  |TAMS 0x0000000747700000, 0x0000000747700000| Untracked 
|  84|0x0000000747800000, 0x0000000747800000, 0x0000000747900000|  0%| F|  |TAMS 0x0000000747800000, 0x0000000747800000| Untracked 
|  85|0x0000000747900000, 0x0000000747900000, 0x0000000747a00000|  0%| F|  |TAMS 0x0000000747900000, 0x0000000747900000| Untracked 
|  86|0x0000000747a00000, 0x0000000747a00000, 0x0000000747b00000|  0%| F|  |TAMS 0x0000000747a00000, 0x0000000747a00000| Untracked 
|  87|0x0000000747b00000, 0x0000000747b00000, 0x0000000747c00000|  0%| F|  |TAMS 0x0000000747b00000, 0x0000000747b00000| Untracked 
|  88|0x0000000747c00000, 0x0000000747c00000, 0x0000000747d00000|  0%| F|  |TAMS 0x0000000747c00000, 0x0000000747c00000| Untracked 
|  89|0x0000000747d00000, 0x0000000747d00000, 0x0000000747e00000|  0%| F|  |TAMS 0x0000000747d00000, 0x0000000747d00000| Untracked 
|  90|0x0000000747e00000, 0x0000000747e00000, 0x0000000747f00000|  0%| F|  |TAMS 0x0000000747e00000, 0x0000000747e00000| Untracked 
|  91|0x0000000747f00000, 0x0000000747f00000, 0x0000000748000000|  0%| F|  |TAMS 0x0000000747f00000, 0x0000000747f00000| Untracked 
|  92|0x0000000748000000, 0x0000000748000000, 0x0000000748100000|  0%| F|  |TAMS 0x0000000748000000, 0x0000000748000000| Untracked 
|  93|0x0000000748100000, 0x0000000748100000, 0x0000000748200000|  0%| F|  |TAMS 0x0000000748100000, 0x0000000748100000| Untracked 
|  94|0x0000000748200000, 0x0000000748200000, 0x0000000748300000|  0%| F|  |TAMS 0x0000000748200000, 0x0000000748200000| Untracked 
|  95|0x0000000748300000, 0x0000000748300000, 0x0000000748400000|  0%| F|  |TAMS 0x0000000748300000, 0x0000000748300000| Untracked 
|  96|0x0000000748400000, 0x0000000748400000, 0x0000000748500000|  0%| F|  |TAMS 0x0000000748400000, 0x0000000748400000| Untracked 
|  97|0x0000000748500000, 0x0000000748500000, 0x0000000748600000|  0%| F|  |TAMS 0x0000000748500000, 0x0000000748500000| Untracked 
|  98|0x0000000748600000, 0x0000000748600000, 0x0000000748700000|  0%| F|  |TAMS 0x0000000748600000, 0x0000000748600000| Untracked 
|  99|0x0000000748700000, 0x0000000748700000, 0x0000000748800000|  0%| F|  |TAMS 0x0000000748700000, 0x0000000748700000| Untracked 
| 100|0x0000000748800000, 0x0000000748800000, 0x0000000748900000|  0%| F|  |TAMS 0x0000000748800000, 0x0000000748800000| Untracked 
| 101|0x0000000748900000, 0x0000000748900000, 0x0000000748a00000|  0%| F|  |TAMS 0x0000000748900000, 0x0000000748900000| Untracked 
| 102|0x0000000748a00000, 0x0000000748a00000, 0x0000000748b00000|  0%| F|  |TAMS 0x0000000748a00000, 0x0000000748a00000| Untracked 
| 103|0x0000000748b00000, 0x0000000748b00000, 0x0000000748c00000|  0%| F|  |TAMS 0x0000000748b00000, 0x0000000748b00000| Untracked 
| 104|0x0000000748c00000, 0x0000000748c00000, 0x0000000748d00000|  0%| F|  |TAMS 0x0000000748c00000, 0x0000000748c00000| Untracked 
| 105|0x0000000748d00000, 0x0000000748d00000, 0x0000000748e00000|  0%| F|  |TAMS 0x0000000748d00000, 0x0000000748d00000| Untracked 
| 106|0x0000000748e00000, 0x0000000748e00000, 0x0000000748f00000|  0%| F|  |TAMS 0x0000000748e00000, 0x0000000748e00000| Untracked 
| 107|0x0000000748f00000, 0x0000000748f00000, 0x0000000749000000|  0%| F|  |TAMS 0x0000000748f00000, 0x0000000748f00000| Untracked 
| 108|0x0000000749000000, 0x0000000749000000, 0x0000000749100000|  0%| F|  |TAMS 0x0000000749000000, 0x0000000749000000| Untracked 
| 109|0x0000000749100000, 0x0000000749100000, 0x0000000749200000|  0%| F|  |TAMS 0x0000000749100000, 0x0000000749100000| Untracked 
| 110|0x0000000749200000, 0x0000000749200000, 0x0000000749300000|  0%| F|  |TAMS 0x0000000749200000, 0x0000000749200000| Untracked 
| 111|0x0000000749300000, 0x0000000749300000, 0x0000000749400000|  0%| F|  |TAMS 0x0000000749300000, 0x0000000749300000| Untracked 
| 112|0x0000000749400000, 0x0000000749400000, 0x0000000749500000|  0%| F|  |TAMS 0x0000000749400000, 0x0000000749400000| Untracked 
| 113|0x0000000749500000, 0x0000000749500000, 0x0000000749600000|  0%| F|  |TAMS 0x0000000749500000, 0x0000000749500000| Untracked 
| 114|0x0000000749600000, 0x0000000749600000, 0x0000000749700000|  0%| F|  |TAMS 0x0000000749600000, 0x0000000749600000| Untracked 
| 115|0x0000000749700000, 0x0000000749700000, 0x0000000749800000|  0%| F|  |TAMS 0x0000000749700000, 0x0000000749700000| Untracked 
| 116|0x0000000749800000, 0x0000000749800000, 0x0000000749900000|  0%| F|  |TAMS 0x0000000749800000, 0x0000000749800000| Untracked 
| 117|0x0000000749900000, 0x0000000749900000, 0x0000000749a00000|  0%| F|  |TAMS 0x0000000749900000, 0x0000000749900000| Untracked 
| 118|0x0000000749a00000, 0x0000000749a00000, 0x0000000749b00000|  0%| F|  |TAMS 0x0000000749a00000, 0x0000000749a00000| Untracked 
| 119|0x0000000749b00000, 0x0000000749b00000, 0x0000000749c00000|  0%| F|  |TAMS 0x0000000749b00000, 0x0000000749b00000| Untracked 
| 120|0x0000000749c00000, 0x0000000749c00000, 0x0000000749d00000|  0%| F|  |TAMS 0x0000000749c00000, 0x0000000749c00000| Untracked 
| 121|0x0000000749d00000, 0x0000000749d00000, 0x0000000749e00000|  0%| F|  |TAMS 0x0000000749d00000, 0x0000000749d00000| Untracked 
| 122|0x0000000749e00000, 0x0000000749e00000, 0x0000000749f00000|  0%| F|  |TAMS 0x0000000749e00000, 0x0000000749e00000| Untracked 
| 123|0x0000000749f00000, 0x0000000749f00000, 0x000000074a000000|  0%| F|  |TAMS 0x0000000749f00000, 0x0000000749f00000| Untracked 
| 124|0x000000074a000000, 0x000000074a000000, 0x000000074a100000|  0%| F|  |TAMS 0x000000074a000000, 0x000000074a000000| Untracked 
| 125|0x000000074a100000, 0x000000074a100000, 0x000000074a200000|  0%| F|  |TAMS 0x000000074a100000, 0x000000074a100000| Untracked 
| 126|0x000000074a200000, 0x000000074a200000, 0x000000074a300000|  0%| F|  |TAMS 0x000000074a200000, 0x000000074a200000| Untracked 
| 127|0x000000074a300000, 0x000000074a300000, 0x000000074a400000|  0%| F|  |TAMS 0x000000074a300000, 0x000000074a300000| Untracked 
| 128|0x000000074a400000, 0x000000074a400000, 0x000000074a500000|  0%| F|  |TAMS 0x000000074a400000, 0x000000074a400000| Untracked 
| 129|0x000000074a500000, 0x000000074a500000, 0x000000074a600000|  0%| F|  |TAMS 0x000000074a500000, 0x000000074a500000| Untracked 
| 130|0x000000074a600000, 0x000000074a600000, 0x000000074a700000|  0%| F|  |TAMS 0x000000074a600000, 0x000000074a600000| Untracked 
| 131|0x000000074a700000, 0x000000074a700000, 0x000000074a800000|  0%| F|  |TAMS 0x000000074a700000, 0x000000074a700000| Untracked 
| 132|0x000000074a800000, 0x000000074a800000, 0x000000074a900000|  0%| F|  |TAMS 0x000000074a800000, 0x000000074a800000| Untracked 
| 133|0x000000074a900000, 0x000000074a900000, 0x000000074aa00000|  0%| F|  |TAMS 0x000000074a900000, 0x000000074a900000| Untracked 
| 134|0x000000074aa00000, 0x000000074aa00000, 0x000000074ab00000|  0%| F|  |TAMS 0x000000074aa00000, 0x000000074aa00000| Untracked 
| 135|0x000000074ab00000, 0x000000074ab00000, 0x000000074ac00000|  0%| F|  |TAMS 0x000000074ab00000, 0x000000074ab00000| Untracked 
| 136|0x000000074ac00000, 0x000000074ac00000, 0x000000074ad00000|  0%| F|  |TAMS 0x000000074ac00000, 0x000000074ac00000| Untracked 
| 137|0x000000074ad00000, 0x000000074ad00000, 0x000000074ae00000|  0%| F|  |TAMS 0x000000074ad00000, 0x000000074ad00000| Untracked 
| 138|0x000000074ae00000, 0x000000074ae00000, 0x000000074af00000|  0%| F|  |TAMS 0x000000074ae00000, 0x000000074ae00000| Untracked 
| 139|0x000000074af00000, 0x000000074af00000, 0x000000074b000000|  0%| F|  |TAMS 0x000000074af00000, 0x000000074af00000| Untracked 
| 140|0x000000074b000000, 0x000000074b000000, 0x000000074b100000|  0%| F|  |TAMS 0x000000074b000000, 0x000000074b000000| Untracked 
| 141|0x000000074b100000, 0x000000074b100000, 0x000000074b200000|  0%| F|  |TAMS 0x000000074b100000, 0x000000074b100000| Untracked 
| 142|0x000000074b200000, 0x000000074b200000, 0x000000074b300000|  0%| F|  |TAMS 0x000000074b200000, 0x000000074b200000| Untracked 
| 143|0x000000074b300000, 0x000000074b300000, 0x000000074b400000|  0%| F|  |TAMS 0x000000074b300000, 0x000000074b300000| Untracked 
| 144|0x000000074b400000, 0x000000074b400000, 0x000000074b500000|  0%| F|  |TAMS 0x000000074b400000, 0x000000074b400000| Untracked 
| 145|0x000000074b500000, 0x000000074b500000, 0x000000074b600000|  0%| F|  |TAMS 0x000000074b500000, 0x000000074b500000| Untracked 
| 146|0x000000074b600000, 0x000000074b600000, 0x000000074b700000|  0%| F|  |TAMS 0x000000074b600000, 0x000000074b600000| Untracked 
| 147|0x000000074b700000, 0x000000074b700000, 0x000000074b800000|  0%| F|  |TAMS 0x000000074b700000, 0x000000074b700000| Untracked 
| 148|0x000000074b800000, 0x000000074b800000, 0x000000074b900000|  0%| F|  |TAMS 0x000000074b800000, 0x000000074b800000| Untracked 
| 149|0x000000074b900000, 0x000000074b900000, 0x000000074ba00000|  0%| F|  |TAMS 0x000000074b900000, 0x000000074b900000| Untracked 
| 150|0x000000074ba00000, 0x000000074ba00000, 0x000000074bb00000|  0%| F|  |TAMS 0x000000074ba00000, 0x000000074ba00000| Untracked 
| 151|0x000000074bb00000, 0x000000074bb00000, 0x000000074bc00000|  0%| F|  |TAMS 0x000000074bb00000, 0x000000074bb00000| Untracked 
| 152|0x000000074bc00000, 0x000000074bc00000, 0x000000074bd00000|  0%| F|  |TAMS 0x000000074bc00000, 0x000000074bc00000| Untracked 
| 153|0x000000074bd00000, 0x000000074bd00000, 0x000000074be00000|  0%| F|  |TAMS 0x000000074bd00000, 0x000000074bd00000| Untracked 
| 154|0x000000074be00000, 0x000000074be00000, 0x000000074bf00000|  0%| F|  |TAMS 0x000000074be00000, 0x000000074be00000| Untracked 
| 155|0x000000074bf00000, 0x000000074bf00000, 0x000000074c000000|  0%| F|  |TAMS 0x000000074bf00000, 0x000000074bf00000| Untracked 
| 156|0x000000074c000000, 0x000000074c000000, 0x000000074c100000|  0%| F|  |TAMS 0x000000074c000000, 0x000000074c000000| Untracked 
| 157|0x000000074c100000, 0x000000074c100000, 0x000000074c200000|  0%| F|  |TAMS 0x000000074c100000, 0x000000074c100000| Untracked 
| 158|0x000000074c200000, 0x000000074c200000, 0x000000074c300000|  0%| F|  |TAMS 0x000000074c200000, 0x000000074c200000| Untracked 
| 159|0x000000074c300000, 0x000000074c300000, 0x000000074c400000|  0%| F|  |TAMS 0x000000074c300000, 0x000000074c300000| Untracked 
| 160|0x000000074c400000, 0x000000074c400000, 0x000000074c500000|  0%| F|  |TAMS 0x000000074c400000, 0x000000074c400000| Untracked 
| 161|0x000000074c500000, 0x000000074c500000, 0x000000074c600000|  0%| F|  |TAMS 0x000000074c500000, 0x000000074c500000| Untracked 
| 162|0x000000074c600000, 0x000000074c600000, 0x000000074c700000|  0%| F|  |TAMS 0x000000074c600000, 0x000000074c600000| Untracked 
| 163|0x000000074c700000, 0x000000074c700000, 0x000000074c800000|  0%| F|  |TAMS 0x000000074c700000, 0x000000074c700000| Untracked 
| 164|0x000000074c800000, 0x000000074c800000, 0x000000074c900000|  0%| F|  |TAMS 0x000000074c800000, 0x000000074c800000| Untracked 
| 165|0x000000074c900000, 0x000000074c900000, 0x000000074ca00000|  0%| F|  |TAMS 0x000000074c900000, 0x000000074c900000| Untracked 
| 166|0x000000074ca00000, 0x000000074ca00000, 0x000000074cb00000|  0%| F|  |TAMS 0x000000074ca00000, 0x000000074ca00000| Untracked 
| 167|0x000000074cb00000, 0x000000074cb00000, 0x000000074cc00000|  0%| F|  |TAMS 0x000000074cb00000, 0x000000074cb00000| Untracked 
| 168|0x000000074cc00000, 0x000000074cc00000, 0x000000074cd00000|  0%| F|  |TAMS 0x000000074cc00000, 0x000000074cc00000| Untracked 
| 169|0x000000074cd00000, 0x000000074cd00000, 0x000000074ce00000|  0%| F|  |TAMS 0x000000074cd00000, 0x000000074cd00000| Untracked 
| 170|0x000000074ce00000, 0x000000074ce00000, 0x000000074cf00000|  0%| F|  |TAMS 0x000000074ce00000, 0x000000074ce00000| Untracked 
| 171|0x000000074cf00000, 0x000000074cf00000, 0x000000074d000000|  0%| F|  |TAMS 0x000000074cf00000, 0x000000074cf00000| Untracked 
| 172|0x000000074d000000, 0x000000074d000000, 0x000000074d100000|  0%| F|  |TAMS 0x000000074d000000, 0x000000074d000000| Untracked 
| 173|0x000000074d100000, 0x000000074d100000, 0x000000074d200000|  0%| F|  |TAMS 0x000000074d100000, 0x000000074d100000| Untracked 
| 174|0x000000074d200000, 0x000000074d200000, 0x000000074d300000|  0%| F|  |TAMS 0x000000074d200000, 0x000000074d200000| Untracked 
| 175|0x000000074d300000, 0x000000074d300000, 0x000000074d400000|  0%| F|  |TAMS 0x000000074d300000, 0x000000074d300000| Untracked 
| 176|0x000000074d400000, 0x000000074d400000, 0x000000074d500000|  0%| F|  |TAMS 0x000000074d400000, 0x000000074d400000| Untracked 
| 177|0x000000074d500000, 0x000000074d548ef0, 0x000000074d600000| 28%| E|  |TAMS 0x000000074d500000, 0x000000074d500000| Complete 
| 178|0x000000074d600000, 0x000000074d700000, 0x000000074d700000|100%| E|CS|TAMS 0x000000074d600000, 0x000000074d600000| Complete 
| 179|0x000000074d700000, 0x000000074d800000, 0x000000074d800000|100%| E|CS|TAMS 0x000000074d700000, 0x000000074d700000| Complete 
| 180|0x000000074d800000, 0x000000074d900000, 0x000000074d900000|100%| E|  |TAMS 0x000000074d800000, 0x000000074d800000| Complete 
| 181|0x000000074d900000, 0x000000074da00000, 0x000000074da00000|100%| E|CS|TAMS 0x000000074d900000, 0x000000074d900000| Complete 
| 182|0x000000074da00000, 0x000000074db00000, 0x000000074db00000|100%| E|CS|TAMS 0x000000074da00000, 0x000000074da00000| Complete 
| 183|0x000000074db00000, 0x000000074dc00000, 0x000000074dc00000|100%| E|CS|TAMS 0x000000074db00000, 0x000000074db00000| Complete 
| 184|0x000000074dc00000, 0x000000074dd00000, 0x000000074dd00000|100%| E|CS|TAMS 0x000000074dc00000, 0x000000074dc00000| Complete 
| 185|0x000000074dd00000, 0x000000074de00000, 0x000000074de00000|100%| E|CS|TAMS 0x000000074dd00000, 0x000000074dd00000| Complete 
| 186|0x000000074de00000, 0x000000074df00000, 0x000000074df00000|100%| E|CS|TAMS 0x000000074de00000, 0x000000074de00000| Complete 
| 187|0x000000074df00000, 0x000000074e000000, 0x000000074e000000|100%| E|CS|TAMS 0x000000074df00000, 0x000000074df00000| Complete 
| 188|0x000000074e000000, 0x000000074e100000, 0x000000074e100000|100%| E|CS|TAMS 0x000000074e000000, 0x000000074e000000| Complete 
| 189|0x000000074e100000, 0x000000074e200000, 0x000000074e200000|100%| E|CS|TAMS 0x000000074e100000, 0x000000074e100000| Complete 

Card table byte_map: [0x0000023a5baa0000,0x0000023a5c090000] _byte_map_base: 0x0000023a5808e000

Marking Bits (Prev, Next): (CMBitMap*) 0x0000023a489eece8, (CMBitMap*) 0x0000023a489eed20
 Prev Bits: [0x0000023a5c680000, 0x0000023a5f5f0000)
 Next Bits: [0x0000023a5f5f0000, 0x0000023a62560000)

Polling page: 0x0000023a46900000

Metaspace:

Usage:
  Non-class:      7.34 MB capacity,     7.19 MB ( 98%) used,   150.49 KB (  2%) free+waste,     6.25 KB ( <1%) overhead. 
      Class:    818.00 KB capacity,   742.72 KB ( 91%) used,    72.34 KB (  9%) free+waste,     2.94 KB ( <1%) overhead. 
       Both:      8.14 MB capacity,     7.92 MB ( 97%) used,   222.84 KB (  3%) free+waste,     9.19 KB ( <1%) overhead. 

Virtual space:
  Non-class space:        8.00 MB reserved,       7.50 MB ( 94%) committed 
      Class space:        1.00 GB reserved,     896.00 KB ( <1%) committed 
             Both:        1.01 GB reserved,       8.38 MB ( <1%) committed 

Chunk freelists:
   Non-Class:  33.00 KB
       Class:  14.00 KB
        Both:  47.00 KB

MaxMetaspaceSize: 17179869184.00 GB
CompressedClassSpaceSize: 1.00 GB
Initial GC threshold: 20.80 MB
Current GC threshold: 20.80 MB
CDS: off

CodeHeap 'non-profiled nmethods': size=120064Kb used=182Kb max_used=182Kb free=119882Kb
 bounds [0x0000023a53f70000, 0x0000023a541e0000, 0x0000023a5b4b0000]
CodeHeap 'profiled nmethods': size=120000Kb used=1038Kb max_used=1038Kb free=118961Kb
 bounds [0x0000023a4ca40000, 0x0000023a4ccb0000, 0x0000023a53f70000]
CodeHeap 'non-nmethods': size=5696Kb used=1115Kb max_used=1130Kb free=4580Kb
 bounds [0x0000023a4c4b0000, 0x0000023a4c720000, 0x0000023a4ca40000]
 total_blobs=965 nmethods=608 adapters=270
 compilation: enabled
              stopped_count=0, restarted_count=0
 full_count=0

Compilation events (20 events):
Event: 3.999 Thread 0x0000023a64a88800  596       3       java.lang.String::equalsIgnoreCase (45 bytes)
Event: 3.999 Thread 0x0000023a64a88800 nmethod 596 0x0000023a4cb39990 code [0x0000023a4cb39ba0, 0x0000023a4cb3a108]
Event: 3.999 Thread 0x0000023a64a88800  595       3       java.util.zip.ZipEntry::<init> (79 bytes)
Event: 4.000 Thread 0x0000023a64a88800 nmethod 595 0x0000023a4cb3a310 code [0x0000023a4cb3a520, 0x0000023a4cb3aab8]
Event: 4.000 Thread 0x0000023a64a88800  597       3       java.net.URLStreamHandler::setURL (73 bytes)
Event: 4.002 Thread 0x0000023a64a88800 nmethod 597 0x0000023a4cb3ad10 code [0x0000023a4cb3afe0, 0x0000023a4cb3bd58]
Event: 4.002 Thread 0x0000023a64a88800  598   !   3       java.net.URL::set (114 bytes)
Event: 4.004 Thread 0x0000023a64a88800 nmethod 598 0x0000023a4cb3c290 code [0x0000023a4cb3c520, 0x0000023a4cb3d338]
Event: 4.004 Thread 0x0000023a64a88800  599   !   3       java.util.zip.ZipFile$ZipFileInflaterInputStream::close (67 bytes)
Event: 4.005 Thread 0x0000023a64a88800 nmethod 599 0x0000023a4cb3d790 code [0x0000023a4cb3d9a0, 0x0000023a4cb3e0b8]
Event: 4.011 Thread 0x0000023a64a88800  600       3       sun.net.util.IPAddressUtil::scan (92 bytes)
Event: 4.013 Thread 0x0000023a64a88800 nmethod 600 0x0000023a4cb3e390 code [0x0000023a4cb3e600, 0x0000023a4cb3f0f8]
Event: 4.014 Thread 0x0000023a64a88800  601       3       jdk.internal.loader.URLClassPath::getResource (74 bytes)
Event: 4.015 Thread 0x0000023a64a88800 nmethod 601 0x0000023a4cb3f690 code [0x0000023a4cb3f860, 0x0000023a4cb3fb98]
Event: 4.021 Thread 0x0000023a64a88800  602       3       java.util.regex.Matcher::reset (128 bytes)
Event: 4.021 Thread 0x0000023a64a88800 nmethod 602 0x0000023a4cb3fd10 code [0x0000023a4cb3ff20, 0x0000023a4cb404f8]
Event: 4.030 Thread 0x0000023a65319800  603       4       java.util.zip.ZipFile$Source::getEntryPos (206 bytes)
Event: 4.032 Thread 0x0000023a64a88800  605       3       java.util.Properties::getProperty (50 bytes)
Event: 4.033 Thread 0x0000023a64a88800 nmethod 605 0x0000023a4cb40710 code [0x0000023a4cb40900, 0x0000023a4cb40e18]
Event: 4.033 Thread 0x0000023a64a88800  606       3       java.nio.Buffer::<init> (99 bytes)

GC Heap History (0 events):
No events

Deoptimization events (20 events):
Event: 3.482 Thread 0x0000023a489a3000 DEOPT PACKING pc=0x0000023a4cae112b sp=0x0000004c63dfd990
Event: 3.482 Thread 0x0000023a489a3000 DEOPT UNPACKING pc=0x0000023a4c4fa95e sp=0x0000004c63dfce60 mode 0
Event: 3.483 Thread 0x0000023a489a3000 DEOPT PACKING pc=0x0000023a4cae112b sp=0x0000004c63dfd990
Event: 3.483 Thread 0x0000023a489a3000 DEOPT UNPACKING pc=0x0000023a4c4fa95e sp=0x0000004c63dfce60 mode 0
Event: 3.483 Thread 0x0000023a489a3000 DEOPT PACKING pc=0x0000023a4cae112b sp=0x0000004c63dfd990
Event: 3.483 Thread 0x0000023a489a3000 DEOPT UNPACKING pc=0x0000023a4c4fa95e sp=0x0000004c63dfce60 mode 0
Event: 3.483 Thread 0x0000023a489a3000 DEOPT PACKING pc=0x0000023a4cae112b sp=0x0000004c63dfd990
Event: 3.483 Thread 0x0000023a489a3000 DEOPT UNPACKING pc=0x0000023a4c4fa95e sp=0x0000004c63dfce60 mode 0
Event: 3.902 Thread 0x0000023a489a3000 Uncommon trap: trap_request=0xffffffde fr.pc=0x0000023a53f93dec relative=0x0000000000000f4c
Event: 3.902 Thread 0x0000023a489a3000 Uncommon trap: reason=class_check action=maybe_recompile pc=0x0000023a53f93dec method=java.util.HashMap.putVal(ILjava/lang/Object;Ljava/lang/Object;ZZ)Ljava/lang/Object; @ 91 c2
Event: 3.902 Thread 0x0000023a489a3000 DEOPT PACKING pc=0x0000023a53f93dec sp=0x0000004c63dfafd0
Event: 3.902 Thread 0x0000023a489a3000 DEOPT UNPACKING pc=0x0000023a4c4fa1af sp=0x0000004c63dfaf60 mode 2
Event: 3.931 Thread 0x0000023a489a3000 DEOPT PACKING pc=0x0000023a4ca7f790 sp=0x0000004c63df7a60
Event: 3.931 Thread 0x0000023a489a3000 DEOPT UNPACKING pc=0x0000023a4c4fa95e sp=0x0000004c63df6f30 mode 0
Event: 3.954 Thread 0x0000023a489a3000 DEOPT PACKING pc=0x0000023a4cb07e42 sp=0x0000004c63df79a0
Event: 3.954 Thread 0x0000023a489a3000 DEOPT UNPACKING pc=0x0000023a4c4fa95e sp=0x0000004c63df6e08 mode 0
Event: 4.020 Thread 0x0000023a489a3000 Uncommon trap: trap_request=0xffffff4d fr.pc=0x0000023a53f8f19c relative=0x00000000000001bc
Event: 4.020 Thread 0x0000023a489a3000 Uncommon trap: reason=unstable_if action=reinterpret pc=0x0000023a53f8f19c method=java.util.regex.Matcher.reset()Ljava/util/regex/Matcher; @ 47 c2
Event: 4.020 Thread 0x0000023a489a3000 DEOPT PACKING pc=0x0000023a53f8f19c sp=0x0000004c63dfd7d0
Event: 4.020 Thread 0x0000023a489a3000 DEOPT UNPACKING pc=0x0000023a4c4fa1af sp=0x0000004c63dfd758 mode 2

Classes redefined (0 events):
No events

Internal exceptions (8 events):
Event: 1.462 Thread 0x0000023a489a3000 Exception <a 'java/lang/NoSuchMethodError'{0x000000074e089108}: 'int java.lang.invoke.DirectMethodHandle$Holder.invokeSpecialIFC(java.lang.Object, java.lang.Object, int)'> (0x000000074e089108) thrown at [./src/hotspot/share/interpreter/linkResolver.cpp, line 773]
Event: 2.269 Thread 0x0000023a489a3000 Exception <a 'java/lang/NoSuchMethodError'{0x000000074de0c710}: 'int java.lang.invoke.DirectMethodHandle$Holder.invokeStaticInit(java.lang.Object, java.lang.Object)'> (0x000000074de0c710) thrown at [./src/hotspot/share/interpreter/linkResolver.cpp, line 773]
Event: 2.702 Thread 0x0000023a489a3000 Exception <a 'java/lang/NoSuchMethodError'{0x000000074dec6dd0}: 'int java.lang.invoke.DirectMethodHandle$Holder.invokeSpecial(java.lang.Object, java.lang.Object, java.lang.Object, java.lang.Object)'> (0x000000074dec6dd0) thrown at [./src/hotspot/share/interpreter/linkResolver.cpp, line 773]
Event: 3.987 Thread 0x0000023a489a3000 Exception <a 'java/lang/OutOfMemoryError'{0x000000074d67e7d8}> (0x000000074d67e7d8) thrown at [./src/hotspot/share/prims/jni.cpp, line 636]
Event: 3.987 Thread 0x0000023a489a3000 Exception <a 'java/lang/OutOfMemoryError'{0x000000074d67e7d8}> (0x000000074d67e7d8) thrown at [./src/hotspot/share/prims/jvm.cpp, line 1310]
Event: 3.988 Thread 0x0000023a489a3000 Exception <a 'java/lang/OutOfMemoryError'{0x000000074d67e7d8}> (0x000000074d67e7d8) thrown at [./src/hotspot/share/prims/jvm.cpp, line 1310]
Event: 3.988 Thread 0x0000023a489a3000 Exception <a 'java/lang/OutOfMemoryError'{0x000000074d67e7d8}> (0x000000074d67e7d8) thrown at [./src/hotspot/share/prims/jvm.cpp, line 1310]
Event: 3.988 Thread 0x0000023a489a3000 Exception <a 'java/lang/OutOfMemoryError'{0x000000074d67e7d8}> (0x000000074d67e7d8) thrown at [./src/hotspot/share/oops/instanceKlass.cpp, line 1029]

Events (20 events):
Event: 4.021 loading class org/gradle/internal/exceptions/FailureResolutionAware
Event: 4.021 loading class org/gradle/internal/exceptions/FailureResolutionAware done
Event: 4.022 loading class org/gradle/internal/logging/text/AbstractStyledTextOutput$StyleOverrideTextOutput
Event: 4.022 loading class org/gradle/internal/logging/text/AbstractStyledTextOutput$StyleOverrideTextOutput done
Event: 4.023 loading class org/gradle/internal/logging/text/BufferingStyledTextOutput$ChangeStyleAction
Event: 4.023 loading class org/gradle/internal/logging/text/BufferingStyledTextOutput$ChangeStyleAction done
Event: 4.024 loading class org/gradle/internal/exceptions/ContextAwareException
Event: 4.024 loading class org/gradle/internal/exceptions/ContextAwareException done
Event: 4.024 loading class org/gradle/internal/exceptions/StyledException
Event: 4.024 loading class org/gradle/internal/exceptions/StyledException done
Event: 4.026 loading class org/gradle/util/GUtil
Event: 4.026 loading class org/gradle/util/GUtil done
Event: 4.028 loading class org/gradle/api/Transformer
Event: 4.028 loading class org/gradle/api/Transformer done
Event: 4.029 loading class org/gradle/api/specs/Spec
Event: 4.029 loading class org/gradle/api/specs/Spec done
Event: 4.030 loading class org/gradle/internal/SystemProperties
Event: 4.030 loading class org/gradle/internal/SystemProperties done
Event: 4.033 loading class org/gradle/internal/buildevents/BuildExceptionReporter$1
Event: 4.033 loading class org/gradle/internal/buildevents/BuildExceptionReporter$1 done


Dynamic libraries:
0x00007ff7c7f10000 - 0x00007ff7c7f1a000 	C:\Program Files\Android\Android Studio\jre\bin\java.exe
0x00007ffaadb50000 - 0x00007ffaadd48000 	C:\Windows\SYSTEM32\ntdll.dll
0x00007ffaad0f0000 - 0x00007ffaad1ad000 	C:\Windows\System32\KERNEL32.DLL
0x00007ffaab510000 - 0x00007ffaab7de000 	C:\Windows\System32\KERNELBASE.dll
0x00007ffaab320000 - 0x00007ffaab420000 	C:\Windows\System32\ucrtbase.dll
0x00007ffaa6a80000 - 0x00007ffaa6a99000 	C:\Program Files\Android\Android Studio\jre\bin\jli.dll
0x00007ffaad7b0000 - 0x00007ffaad950000 	C:\Windows\System32\USER32.dll
0x00007ffaab420000 - 0x00007ffaab442000 	C:\Windows\System32\win32u.dll
0x00007ffaadae0000 - 0x00007ffaadb0a000 	C:\Windows\System32\GDI32.dll
0x00007ffaab880000 - 0x00007ffaab98b000 	C:\Windows\System32\gdi32full.dll
0x00007ffaab7e0000 - 0x00007ffaab87d000 	C:\Windows\System32\msvcp_win.dll
0x00007ffaa4110000 - 0x00007ffaa4127000 	C:\Program Files\Android\Android Studio\jre\bin\VCRUNTIME140.dll
0x00007ffa8e600000 - 0x00007ffa8e89a000 	C:\Windows\WinSxS\amd64_microsoft.windows.common-controls_6595b64144ccf1df_6.0.19041.1110_none_60b5254171f9507e\COMCTL32.dll
0x00007ffaad050000 - 0x00007ffaad0ee000 	C:\Windows\System32\msvcrt.dll
0x00007ffaad950000 - 0x00007ffaad980000 	C:\Windows\System32\IMM32.DLL
0x00007ffa8a3e0000 - 0x00007ffa8a47d000 	C:\Program Files\Android\Android Studio\jre\bin\msvcp140.dll
0x00007ffa64250000 - 0x00007ffa64d35000 	C:\Program Files\Android\Android Studio\jre\bin\server\jvm.dll
0x00007ffaad980000 - 0x00007ffaada2e000 	C:\Windows\System32\ADVAPI32.dll
0x00007ffaabbb0000 - 0x00007ffaabc4c000 	C:\Windows\System32\sechost.dll
0x00007ffaacc80000 - 0x00007ffaacda5000 	C:\Windows\System32\RPCRT4.dll
0x00007ffaad1b0000 - 0x00007ffaad1b8000 	C:\Windows\System32\PSAPI.DLL
0x00007ffa9ca70000 - 0x00007ffa9ca79000 	C:\Windows\SYSTEM32\WSOCK32.dll
0x00007ffaabea0000 - 0x00007ffaabf0b000 	C:\Windows\System32\WS2_32.dll
0x00007ffa995e0000 - 0x00007ffa99607000 	C:\Windows\SYSTEM32\WINMM.dll
0x00007ffa9e6b0000 - 0x00007ffa9e6ba000 	C:\Windows\SYSTEM32\VERSION.dll
0x00007ffaa9b00000 - 0x00007ffaa9b12000 	C:\Windows\SYSTEM32\kernel.appcore.dll
0x00007ffa69f60000 - 0x00007ffa69f71000 	C:\Program Files\Android\Android Studio\jre\bin\verify.dll
0x00007ffa99370000 - 0x00007ffa99554000 	C:\Windows\SYSTEM32\DBGHELP.DLL
0x00007ffa99340000 - 0x00007ffa9936c000 	C:\Windows\SYSTEM32\dbgcore.DLL
0x00007ffaab990000 - 0x00007ffaaba12000 	C:\Windows\System32\bcryptPrimitives.dll
0x00007ffa64220000 - 0x00007ffa64249000 	C:\Program Files\Android\Android Studio\jre\bin\java.dll
0x00007ffa8cf70000 - 0x00007ffa8cf7b000 	C:\Program Files\Android\Android Studio\jre\bin\jimage.dll
0x00007ffa687e0000 - 0x00007ffa687f8000 	C:\Program Files\Android\Android Studio\jre\bin\zip.dll
0x00007ffaabf10000 - 0x00007ffaac654000 	C:\Windows\System32\SHELL32.dll
0x00007ffaa9140000 - 0x00007ffaa98d4000 	C:\Windows\SYSTEM32\windows.storage.dll
0x00007ffaad350000 - 0x00007ffaad6a4000 	C:\Windows\System32\combase.dll
0x00007ffaaac00000 - 0x00007ffaaac30000 	C:\Windows\SYSTEM32\Wldp.dll
0x00007ffaad2a0000 - 0x00007ffaad34d000 	C:\Windows\System32\SHCORE.dll
0x00007ffaac660000 - 0x00007ffaac6b5000 	C:\Windows\System32\shlwapi.dll
0x00007ffaab1b0000 - 0x00007ffaab1cf000 	C:\Windows\SYSTEM32\profapi.dll
0x00007ffa64200000 - 0x00007ffa6421a000 	C:\Program Files\Android\Android Studio\jre\bin\net.dll
0x00007ffa9d0b0000 - 0x00007ffa9d1ba000 	C:\Windows\SYSTEM32\WINHTTP.dll
0x00007ffaaa960000 - 0x00007ffaaa9ca000 	C:\Windows\system32\mswsock.dll
0x00007ffa641e0000 - 0x00007ffa641f4000 	C:\Program Files\Android\Android Studio\jre\bin\nio.dll

dbghelp: loaded successfully - version: 4.0.5 - missing functions: none
symbol engine: initialized successfully - sym options: 0x614 - pdb path: .;C:\Program Files\Android\Android Studio\jre\bin;C:\Windows\SYSTEM32;C:\Windows\WinSxS\amd64_microsoft.windows.common-controls_6595b64144ccf1df_6.0.19041.1110_none_60b5254171f9507e;C:\Program Files\Android\Android Studio\jre\bin\server

VM Arguments:
jvm_args: -Dorg.gradle.appname=gradlew 
java_command: org.gradle.wrapper.GradleWrapperMain -q -Ptarget-platform=android-arm -Ptarget=C:\Users\ABS\StudioProjects\Interns.pk\lib\main.dart -Pbase-application-name=android.app.Application -Pdart-defines=Zmx1dHRlci5pbnNwZWN0b3Iuc3RydWN0dXJlZEVycm9ycz10cnVl,RkxVVFRFUl9XRUJfQVVUT19ERVRFQ1Q9dHJ1ZQ== -Pdart-obfuscation=false -Ptrack-widget-creation=true -Ptree-shake-icons=false -Pfilesystem-scheme=org-dartlang-root assembleDebug
java_class_path (initial): C:\Users\ABS\StudioProjects\Interns.pk\android\\gradle\wrapper\gradle-wrapper.jar
Launcher Type: SUN_STANDARD

[Global flags]
     intx CICompilerCount                          = 3                                         {product} {ergonomic}
     uint ConcGCThreads                            = 1                                         {product} {ergonomic}
     uint G1ConcRefinementThreads                  = 4                                         {product} {ergonomic}
   size_t G1HeapRegionSize                         = 1048576                                   {product} {ergonomic}
    uintx GCDrainStackTargetSize                   = 64                                        {product} {ergonomic}
   size_t InitialHeapSize                          = 199229440                                 {product} {ergonomic}
   size_t MarkStackSize                            = 4194304                                   {product} {ergonomic}
   size_t MaxHeapSize                              = 3183476736                                {product} {ergonomic}
   size_t MaxNewSize                               = 1909456896                                {product} {ergonomic}
   size_t MinHeapDeltaBytes                        = 1048576                                   {product} {ergonomic}
    uintx NonNMethodCodeHeapSize                   = 5830732                                {pd product} {ergonomic}
    uintx NonProfiledCodeHeapSize                  = 122913754                              {pd product} {ergonomic}
    uintx ProfiledCodeHeapSize                     = 122913754                              {pd product} {ergonomic}
    uintx ReservedCodeCacheSize                    = 251658240                              {pd product} {ergonomic}
     bool SegmentedCodeCache                       = true                                      {product} {ergonomic}
     bool UseCompressedClassPointers               = true                                 {lp64_product} {ergonomic}
     bool UseCompressedOops                        = true                                 {lp64_product} {ergonomic}
     bool UseG1GC                                  = true                                      {product} {ergonomic}
     bool UseLargePagesIndividualAllocation        = false                                  {pd product} {ergonomic}

Logging:
Log output configuration:
 #0: stdout all=warning uptime,level,tags
 #1: stderr all=off uptime,level,tags

Environment Variables:
JAVA_HOME=C:\Program Files\Android\Android Studio\jre
CLASSPATH=C:\Users\ABS\StudioProjects\Interns.pk\android\\gradle\wrapper\gradle-wrapper.jar
PATH=C:\Program Files\Common Files\Oracle\Java\javapath;C:\Windows\system32;C:\Windows;C:\Windows\System32\Wbem;C:\Windows\System32\WindowsPowerShell\v1.0\;C:\Windows\System32\OpenSSH\;C:\Program Files (x86)\Intel\OpenCL SDK\2.0\bin\x86;C:\Program Files (x86)\Intel\OpenCL SDK\2.0\bin\x64;C:\Program Files\Microsoft SQL Server\Client SDK\ODBC\170\Tools\Binn\;C:\Program Files (x86)\Microsoft SQL Server\150\Tools\Binn\;C:\Program Files\Microsoft SQL Server\150\Tools\Binn\;C:\Program Files\Microsoft SQL Server\150\DTS\Binn\;C:\Program Files (x86)\Microsoft SQL Server\150\DTS\Binn\;C:\Program Files\Azure Data Studio\bin;C:\Program Files\Java\jdk-17.0.2\bin;C:\Program Files\Microsoft SQL Server\110\Tools\Binn\;C:\Program Files\Git\cmd;C:\src\flutter\bin;C:\Program Files\Azure Data Studio\bin;C:\Users\ABS\AppData\Local\Programs\Microsoft VS Code\bin;C:\src\flutter\bin\mingit\cmd
USERNAME=ABS
OS=Windows_NT
PROCESSOR_IDENTIFIER=Intel64 Family 6 Model 42 Stepping 7, GenuineIntel



---------------  S Y S T E M  ---------------

OS: Windows 10 , 64 bit Build 19041 (10.0.19041.1889)
OS uptime: 1 days 1:42 hours

CPU:total 4 (initial active 4) (2 cores per cpu, 2 threads per core) family 6 model 42 stepping 7 microcode 0x2f, cmov, cx8, fxsr, mmx, sse, sse2, sse3, ssse3, sse4.1, sse4.2, popcnt, avx, clmul, ht, tsc, tscinvbit

Memory: 4k page, system-wide physical 12139M (303M free)
TotalPageFile size 27332M (AvailPageFile size 0M)
current process WorkingSet (physical memory assigned to process): 60M, peak: 60M
current process commit charge ("private bytes"): 269M, peak: 269M

vm_info: OpenJDK 64-Bit Server VM (11.0.12+7-b1504.28-7817840) for windows-amd64 JRE (11.0.12+7-b1504.28-7817840), built on Oct 13 2021 22:12:33 by "builder" with MS VC++ 14.0 (VS2015)

END.
